[2013-03-22 11:08:40 CST][info][core]Loading schema 'weibotui' ...
[2013-03-22 11:08:40 CST][info][core]Loading entity 'sdk.oauth_token' from Schema "weibotui" ...
[2013-03-22 11:08:40 CST][info][core]Loading schema set file 'sdk.yml' ...
[2013-03-22 11:08:40 CST][verbose][core]The entity entity 'sdk.oauth_token' is loaded. Status: 0
[2013-03-22 11:08:40 CST][verbose][diag]Initializing entity entity 'sdk.oauth_token' ...
[2013-03-22 11:08:40 CST][verbose][diag]Handling mixtures of entity 'sdk.oauth_token' (1) ...
[2013-03-22 11:08:40 CST][verbose][diag]Handling features of entity 'sdk.oauth_token' (1) ...
[2013-03-22 11:08:40 CST][verbose][diag]Handling members of entity 'sdk.oauth_token' ...
[2013-03-22 11:08:40 CST][info][core]Loading schema set file 'system.yml' ...
[2013-03-22 11:08:40 CST][verbose][diag]Handling n:1 references of entity 'sdk.oauth_token' (1) ...
[2013-03-22 11:08:40 CST][info][core]Loading entity 'sdk.oauth_client' from Entity sdk.oauth_token ...
[2013-03-22 11:08:40 CST][verbose][core]The entity entity 'sdk.oauth_client' is loaded. Status: 0
[2013-03-22 11:08:40 CST][verbose][diag]Initializing entity entity 'sdk.oauth_client' ...
[2013-03-22 11:08:40 CST][verbose][diag]Handling mixtures of entity 'sdk.oauth_client' (1) ...
[2013-03-22 11:08:40 CST][verbose][diag]Handling features of entity 'sdk.oauth_client' (1) ...
[2013-03-22 11:08:40 CST][verbose][diag]Handling members of entity 'sdk.oauth_client' ...
[2013-03-22 11:08:40 CST][info][core]Loading schema set file 'core.yml' ...
[2013-03-22 11:08:40 CST][verbose][diag]Handling n:1 references of entity 'sdk.oauth_client' (1) ...
[2013-03-22 11:08:40 CST][info][core]Loading entity 'sdk.oauth_client_level' from Entity sdk.oauth_client ...
[2013-03-22 11:08:40 CST][verbose][core]The enum entity 'sdk.oauth_client_level' is loaded. Status: 0
[2013-03-22 11:08:40 CST][verbose][diag]Initializing enum entity 'sdk.oauth_client_level' ...
[2013-03-22 11:08:40 CST][verbose][diag]Performing final check of entity 'sdk.oauth_client_level' ...
[2013-03-22 11:08:40 CST][info][core]Entity 'sdk.oauth_client_level' is ready!
[2013-03-22 11:08:40 CST][verbose][diag]Handling n:1 references of entity 'sdk.oauth_client' on 'level' (2) ...
[2013-03-22 11:08:40 CST][verbose][diag]Handling keys of entity 'sdk.oauth_client' ...
[2013-03-22 11:08:40 CST][verbose][diag]Handling features of entity 'sdk.oauth_client' (2) ...
[2013-03-22 11:08:40 CST][verbose][diag]Handling n:1 references of entity 'sdk.oauth_client' (3) ...
[2013-03-22 11:08:40 CST][verbose][diag]Performing final check of entity 'sdk.oauth_client' ...
[2013-03-22 11:08:40 CST][info][core]Entity 'sdk.oauth_client' is ready!
[2013-03-22 11:08:40 CST][verbose][diag]Handling n:1 references of entity 'sdk.oauth_token' on 'client' (2) ...
[2013-03-22 11:08:40 CST][info][core]Loading entity 'system.user' from Entity sdk.oauth_token ...
[2013-03-22 11:08:40 CST][verbose][core]The entity entity 'system.user' is loaded. Status: 0
[2013-03-22 11:08:40 CST][verbose][diag]Initializing entity entity 'system.user' ...
[2013-03-22 11:08:40 CST][verbose][diag]Handling mixtures of entity 'system.user' (1) ...
[2013-03-22 11:08:40 CST][verbose][diag]Handling features of entity 'system.user' (1) ...
[2013-03-22 11:08:40 CST][verbose][diag]Handling members of entity 'system.user' ...
[2013-03-22 11:08:40 CST][info][core]Loading schema set file 'person.yml' ...
[2013-03-22 11:08:40 CST][verbose][diag]Handling n:1 references of entity 'system.user' (1) ...
[2013-03-22 11:08:40 CST][info][core]Loading entity 'system.user_status' from Entity system.user ...
[2013-03-22 11:08:40 CST][verbose][core]The state entity 'system.user_status' is loaded. Status: 0
[2013-03-22 11:08:40 CST][verbose][diag]Initializing state entity 'system.user_status' ...
[2013-03-22 11:08:40 CST][verbose][diag]Performing final check of entity 'system.user_status' ...
[2013-03-22 11:08:40 CST][info][core]Entity 'system.user_status' is ready!
[2013-03-22 11:08:40 CST][verbose][diag]Handling n:1 references of entity 'system.user' on 'status' (2) ...
[2013-03-22 11:08:40 CST][info][core]Loading entity 'person.personal_profile' from Entity system.user ...
[2013-03-22 11:08:40 CST][verbose][core]The entity entity 'person.personal_profile' is loaded. Status: 0
[2013-03-22 11:08:40 CST][verbose][diag]Initializing entity entity 'person.personal_profile' ...
[2013-03-22 11:08:40 CST][verbose][diag]Handling mixtures of entity 'person.personal_profile' (1) ...
[2013-03-22 11:08:40 CST][verbose][diag]Handling features of entity 'person.personal_profile' (1) ...
[2013-03-22 11:08:40 CST][verbose][diag]Handling members of entity 'person.personal_profile' ...
[2013-03-22 11:08:40 CST][info][core]Loading schema set file 'address.yml' ...
[2013-03-22 11:08:40 CST][verbose][diag]Handling n:1 references of entity 'person.personal_profile' (1) ...
[2013-03-22 11:08:40 CST][verbose][diag]Handling n:1 references of entity 'person.personal_profile' on 'user' (2) ...
[2013-03-22 11:08:40 CST][info][core]Loading entity 'person.gender' from Entity person.personal_profile ...
[2013-03-22 11:08:40 CST][verbose][core]The enum entity 'person.gender' is loaded. Status: 0
[2013-03-22 11:08:40 CST][verbose][diag]Initializing enum entity 'person.gender' ...
[2013-03-22 11:08:40 CST][verbose][diag]Performing final check of entity 'person.gender' ...
[2013-03-22 11:08:40 CST][info][core]Entity 'person.gender' is ready!
[2013-03-22 11:08:40 CST][verbose][diag]Handling n:1 references of entity 'person.personal_profile' on 'gender' (2) ...
[2013-03-22 11:08:40 CST][info][core]Loading entity 'address.address' from Entity person.personal_profile ...
[2013-03-22 11:08:40 CST][verbose][core]The entity entity 'address.address' is loaded. Status: 0
[2013-03-22 11:08:40 CST][verbose][diag]Initializing entity entity 'address.address' ...
[2013-03-22 11:08:40 CST][verbose][diag]Handling mixtures of entity 'address.address' (1) ...
[2013-03-22 11:08:40 CST][verbose][diag]Handling features of entity 'address.address' (1) ...
[2013-03-22 11:08:41 CST][verbose][diag]Handling members of entity 'address.address' ...
[2013-03-22 11:08:41 CST][verbose][diag]Handling n:1 references of entity 'address.address' (1) ...
[2013-03-22 11:08:41 CST][info][core]Loading entity 'address.country' from Entity address.address ...
[2013-03-22 11:08:41 CST][verbose][core]The entity entity 'address.country' is loaded. Status: 0
[2013-03-22 11:08:41 CST][verbose][diag]Initializing entity entity 'address.country' ...
[2013-03-22 11:08:41 CST][info][core]Loading entity 'core.identified_by_code' from Entity address.country ...
[2013-03-22 11:08:41 CST][verbose][core]The abstract entity 'core.identified_by_code' is loaded. Status: 0
[2013-03-22 11:08:41 CST][verbose][diag]Initializing abstract entity 'core.identified_by_code' ...
[2013-03-22 11:08:41 CST][verbose][diag]Handling mixtures of entity 'core.identified_by_code' (1) ...
[2013-03-22 11:08:41 CST][verbose][diag]Handling features of entity 'core.identified_by_code' (1) ...
[2013-03-22 11:08:41 CST][verbose][diag]Handling members of entity 'core.identified_by_code' ...
[2013-03-22 11:08:41 CST][verbose][diag]Handling n:1 references of entity 'core.identified_by_code' (1) ...
[2013-03-22 11:08:41 CST][verbose][diag]Handling keys of entity 'core.identified_by_code' ...
[2013-03-22 11:08:41 CST][verbose][diag]Handling features of entity 'core.identified_by_code' (2) ...
[2013-03-22 11:08:41 CST][verbose][diag]Handling n:1 references of entity 'core.identified_by_code' (3) ...
[2013-03-22 11:08:41 CST][verbose][diag]Performing final check of entity 'core.identified_by_code' ...
[2013-03-22 11:08:41 CST][info][core]Entity 'core.identified_by_code' is ready!
[2013-03-22 11:08:41 CST][verbose][diag]Handling inheritance of entity 'address.country' ...
[2013-03-22 11:08:41 CST][verbose][diag]Handling mixtures of entity 'address.country' (1) ...
[2013-03-22 11:08:41 CST][verbose][diag]Handling features of entity 'address.country' (1) ...
[2013-03-22 11:08:41 CST][verbose][diag]Handling members of entity 'address.country' ...
[2013-03-22 11:08:41 CST][verbose][diag]Handling n:1 references of entity 'address.country' (1) ...
[2013-03-22 11:08:41 CST][info][core]Loading entity 'address.province' from Entity address.country ...
[2013-03-22 11:08:41 CST][verbose][core]The entity entity 'address.province' is loaded. Status: 0
[2013-03-22 11:08:41 CST][verbose][diag]Initializing entity entity 'address.province' ...
[2013-03-22 11:08:41 CST][verbose][diag]Handling inheritance of entity 'address.province' ...
[2013-03-22 11:08:41 CST][verbose][diag]Handling mixtures of entity 'address.province' (1) ...
[2013-03-22 11:08:41 CST][verbose][diag]Handling features of entity 'address.province' (1) ...
[2013-03-22 11:08:41 CST][verbose][diag]Handling members of entity 'address.province' ...
[2013-03-22 11:08:41 CST][verbose][diag]Handling n:1 references of entity 'address.province' (1) ...
[2013-03-22 11:08:41 CST][info][core]Loading entity 'address.province_type' from Entity address.province ...
[2013-03-22 11:08:41 CST][verbose][core]The enum entity 'address.province_type' is loaded. Status: 0
[2013-03-22 11:08:41 CST][verbose][diag]Initializing enum entity 'address.province_type' ...
[2013-03-22 11:08:41 CST][verbose][diag]Performing final check of entity 'address.province_type' ...
[2013-03-22 11:08:41 CST][info][core]Entity 'address.province_type' is ready!
[2013-03-22 11:08:41 CST][verbose][diag]Handling n:1 references of entity 'address.province' on 'type' (2) ...
[2013-03-22 11:08:41 CST][verbose][diag]Handling n:1 references of entity 'address.province' on 'country' (2) ...
[2013-03-22 11:08:41 CST][info][core]Loading entity 'address.city' from Entity address.province ...
[2013-03-22 11:08:41 CST][verbose][core]The entity entity 'address.city' is loaded. Status: 0
[2013-03-22 11:08:41 CST][verbose][diag]Initializing entity entity 'address.city' ...
[2013-03-22 11:08:41 CST][verbose][diag]Handling inheritance of entity 'address.city' ...
[2013-03-22 11:08:41 CST][verbose][diag]Handling mixtures of entity 'address.city' (1) ...
[2013-03-22 11:08:41 CST][verbose][diag]Handling features of entity 'address.city' (1) ...
[2013-03-22 11:08:41 CST][verbose][diag]Handling members of entity 'address.city' ...
[2013-03-22 11:08:41 CST][verbose][diag]Handling n:1 references of entity 'address.city' (1) ...
[2013-03-22 11:08:41 CST][verbose][diag]Handling n:1 references of entity 'address.city' on 'province' (2) ...
[2013-03-22 11:08:41 CST][verbose][diag]Handling keys of entity 'address.city' ...
[2013-03-22 11:08:41 CST][verbose][diag]Handling features of entity 'address.city' (2) ...
[2013-03-22 11:08:41 CST][verbose][diag]Handling n:1 references of entity 'address.city' (3) ...
[2013-03-22 11:08:41 CST][verbose][diag]Performing final check of entity 'address.city' ...
[2013-03-22 11:08:41 CST][info][core]Entity 'address.city' is ready!
[2013-03-22 11:08:41 CST][verbose][diag]Handling n:1 references of entity 'address.province' on 'capital_city' (2) ...
[2013-03-22 11:08:41 CST][verbose][diag]Handling keys of entity 'address.province' ...
[2013-03-22 11:08:41 CST][verbose][diag]Handling features of entity 'address.province' (2) ...
[2013-03-22 11:08:41 CST][verbose][diag]Handling n:1 references of entity 'address.province' (3) ...
[2013-03-22 11:08:41 CST][verbose][diag]Performing final check of entity 'address.province' ...
[2013-03-22 11:08:41 CST][info][core]Entity 'address.province' is ready!
[2013-03-22 11:08:41 CST][verbose][diag]Handling n:1 references of entity 'address.country' on 'capital_city' (2) ...
[2013-03-22 11:08:41 CST][verbose][diag]Handling keys of entity 'address.country' ...
[2013-03-22 11:08:41 CST][verbose][diag]Handling features of entity 'address.country' (2) ...
[2013-03-22 11:08:41 CST][verbose][diag]Handling n:1 references of entity 'address.country' (3) ...
[2013-03-22 11:08:41 CST][verbose][diag]Performing final check of entity 'address.country' ...
[2013-03-22 11:08:41 CST][info][core]Entity 'address.country' is ready!
[2013-03-22 11:08:41 CST][verbose][diag]Handling n:1 references of entity 'address.address' on 'country' (2) ...
[2013-03-22 11:08:41 CST][verbose][diag]Handling n:1 references of entity 'address.address' on 'province' (2) ...
[2013-03-22 11:08:41 CST][verbose][diag]Handling n:1 references of entity 'address.address' on 'city' (2) ...
[2013-03-22 11:08:41 CST][info][core]Loading entity 'address.district' from Entity address.address ...
[2013-03-22 11:08:41 CST][verbose][core]The entity entity 'address.district' is loaded. Status: 0
[2013-03-22 11:08:41 CST][verbose][diag]Initializing entity entity 'address.district' ...
[2013-03-22 11:08:41 CST][verbose][diag]Handling inheritance of entity 'address.district' ...
[2013-03-22 11:08:41 CST][verbose][diag]Handling mixtures of entity 'address.district' (1) ...
[2013-03-22 11:08:41 CST][verbose][diag]Handling features of entity 'address.district' (1) ...
[2013-03-22 11:08:41 CST][verbose][diag]Handling members of entity 'address.district' ...
[2013-03-22 11:08:41 CST][verbose][diag]Handling n:1 references of entity 'address.district' (1) ...
[2013-03-22 11:08:41 CST][verbose][diag]Handling n:1 references of entity 'address.district' on 'city' (2) ...
[2013-03-22 11:08:41 CST][verbose][diag]Handling keys of entity 'address.district' ...
[2013-03-22 11:08:41 CST][verbose][diag]Handling features of entity 'address.district' (2) ...
[2013-03-22 11:08:41 CST][verbose][diag]Handling n:1 references of entity 'address.district' (3) ...
[2013-03-22 11:08:41 CST][verbose][diag]Performing final check of entity 'address.district' ...
[2013-03-22 11:08:41 CST][info][core]Entity 'address.district' is ready!
[2013-03-22 11:08:41 CST][verbose][diag]Handling n:1 references of entity 'address.address' on 'district' (2) ...
[2013-03-22 11:08:41 CST][verbose][diag]Handling keys of entity 'address.address' ...
[2013-03-22 11:08:41 CST][verbose][diag]Handling features of entity 'address.address' (2) ...
[2013-03-22 11:08:41 CST][verbose][diag]Handling n:1 references of entity 'address.address' (3) ...
[2013-03-22 11:08:41 CST][verbose][diag]Performing final check of entity 'address.address' ...
[2013-03-22 11:08:41 CST][info][core]Entity 'address.address' is ready!
[2013-03-22 11:08:41 CST][verbose][diag]Handling n:1 references of entity 'person.personal_profile' on 'address' (2) ...
[2013-03-22 11:08:41 CST][info][core]Loading entity 'person.personal_name_order' from Entity person.personal_profile ...
[2013-03-22 11:08:41 CST][verbose][core]The enum entity 'person.personal_name_order' is loaded. Status: 0
[2013-03-22 11:08:41 CST][verbose][diag]Initializing enum entity 'person.personal_name_order' ...
[2013-03-22 11:08:41 CST][verbose][diag]Performing final check of entity 'person.personal_name_order' ...
[2013-03-22 11:08:41 CST][info][core]Entity 'person.personal_name_order' is ready!
[2013-03-22 11:08:41 CST][verbose][diag]Handling n:1 references of entity 'person.personal_profile' on 'name_order' (2) ...
[2013-03-22 11:08:41 CST][verbose][diag]Handling keys of entity 'person.personal_profile' ...
[2013-03-22 11:08:41 CST][verbose][diag]Handling features of entity 'person.personal_profile' (2) ...
[2013-03-22 11:08:41 CST][verbose][diag]Handling n:1 references of entity 'person.personal_profile' (3) ...
[2013-03-22 11:08:41 CST][verbose][diag]Performing final check of entity 'person.personal_profile' ...
[2013-03-22 11:08:41 CST][info][core]Entity 'person.personal_profile' is ready!
[2013-03-22 11:08:41 CST][verbose][diag]Handling n:1 references of entity 'system.user' on 'profile' (2) ...
[2013-03-22 11:08:41 CST][verbose][diag]Handling keys of entity 'system.user' ...
[2013-03-22 11:08:41 CST][verbose][diag]Handling features of entity 'system.user' (2) ...
[2013-03-22 11:08:41 CST][verbose][diag]Handling n:1 references of entity 'system.user' (3) ...
[2013-03-22 11:08:41 CST][verbose][diag]Performing final check of entity 'system.user' ...
[2013-03-22 11:08:41 CST][info][core]Entity 'system.user' is ready!
[2013-03-22 11:08:41 CST][verbose][diag]Handling n:1 references of entity 'sdk.oauth_token' on 'user' (2) ...
[2013-03-22 11:08:41 CST][verbose][diag]Handling keys of entity 'sdk.oauth_token' ...
[2013-03-22 11:08:41 CST][verbose][diag]Handling features of entity 'sdk.oauth_token' (2) ...
[2013-03-22 11:08:41 CST][verbose][diag]Handling n:1 references of entity 'sdk.oauth_token' (3) ...
[2013-03-22 11:08:41 CST][verbose][diag]Performing final check of entity 'sdk.oauth_token' ...
[2013-03-22 11:08:41 CST][info][core]Entity 'sdk.oauth_token' is ready!
[2013-03-22 11:08:41 CST][info][core]Loading entity 'sdk.oauth_code' from Schema "weibotui" ...
[2013-03-22 11:08:41 CST][verbose][core]The entity entity 'sdk.oauth_code' is loaded. Status: 0
[2013-03-22 11:08:41 CST][verbose][diag]Initializing entity entity 'sdk.oauth_code' ...
[2013-03-22 11:08:41 CST][verbose][diag]Handling mixtures of entity 'sdk.oauth_code' (1) ...
[2013-03-22 11:08:41 CST][verbose][diag]Handling features of entity 'sdk.oauth_code' (1) ...
[2013-03-22 11:08:41 CST][verbose][diag]Handling members of entity 'sdk.oauth_code' ...
[2013-03-22 11:08:41 CST][verbose][diag]Handling n:1 references of entity 'sdk.oauth_code' (1) ...
[2013-03-22 11:08:41 CST][verbose][diag]Handling n:1 references of entity 'sdk.oauth_code' on 'client' (2) ...
[2013-03-22 11:08:41 CST][verbose][diag]Handling n:1 references of entity 'sdk.oauth_code' on 'user' (2) ...
[2013-03-22 11:08:41 CST][verbose][diag]Handling keys of entity 'sdk.oauth_code' ...
[2013-03-22 11:08:41 CST][verbose][diag]Handling features of entity 'sdk.oauth_code' (2) ...
[2013-03-22 11:08:41 CST][verbose][diag]Handling n:1 references of entity 'sdk.oauth_code' (3) ...
[2013-03-22 11:08:41 CST][verbose][diag]Performing final check of entity 'sdk.oauth_code' ...
[2013-03-22 11:08:41 CST][info][core]Entity 'sdk.oauth_code' is ready!
[2013-03-22 11:08:41 CST][info][core]Loading entity 'system.admin' from Schema "weibotui" ...
[2013-03-22 11:08:41 CST][verbose][core]The entity entity 'system.admin' is loaded. Status: 0
[2013-03-22 11:08:41 CST][verbose][diag]Initializing entity entity 'system.admin' ...
[2013-03-22 11:08:41 CST][verbose][diag]Handling mixtures of entity 'system.admin' (1) ...
[2013-03-22 11:08:41 CST][verbose][diag]Handling features of entity 'system.admin' (1) ...
[2013-03-22 11:08:41 CST][verbose][diag]Handling members of entity 'system.admin' ...
[2013-03-22 11:08:41 CST][verbose][diag]Handling n:1 references of entity 'system.admin' (1) ...
[2013-03-22 11:08:41 CST][verbose][diag]Handling n:1 references of entity 'system.admin' on 'status' (2) ...
[2013-03-22 11:08:41 CST][verbose][diag]Handling keys of entity 'system.admin' ...
[2013-03-22 11:08:41 CST][verbose][diag]Handling features of entity 'system.admin' (2) ...
[2013-03-22 11:08:41 CST][verbose][diag]Handling n:1 references of entity 'system.admin' (3) ...
[2013-03-22 11:08:41 CST][verbose][diag]Performing final check of entity 'system.admin' ...
[2013-03-22 11:08:41 CST][info][core]Entity 'system.admin' is ready!
[2013-03-22 11:08:41 CST][info][core]Loading entity 'role.tuike' from Schema "weibotui" ...
[2013-03-22 11:08:41 CST][info][core]Loading schema set file 'role.yml' ...
[2013-03-22 11:08:41 CST][verbose][core]The entity entity 'role.tuike' is loaded. Status: 0
[2013-03-22 11:08:41 CST][verbose][diag]Initializing entity entity 'role.tuike' ...
[2013-03-22 11:08:41 CST][verbose][diag]Handling mixtures of entity 'role.tuike' (1) ...
[2013-03-22 11:08:41 CST][verbose][diag]Handling features of entity 'role.tuike' (1) ...
[2013-03-22 11:08:41 CST][verbose][diag]Handling members of entity 'role.tuike' ...
[2013-03-22 11:08:41 CST][verbose][diag]Handling n:1 references of entity 'role.tuike' (1) ...
[2013-03-22 11:08:41 CST][verbose][diag]Handling n:1 references of entity 'role.tuike' on 'user' (2) ...
[2013-03-22 11:08:41 CST][info][core]Loading entity 'role.tuike_status' from Entity role.tuike ...
[2013-03-22 11:08:41 CST][verbose][core]The state entity 'role.tuike_status' is loaded. Status: 0
[2013-03-22 11:08:41 CST][verbose][diag]Initializing state entity 'role.tuike_status' ...
[2013-03-22 11:08:41 CST][verbose][diag]Performing final check of entity 'role.tuike_status' ...
[2013-03-22 11:08:41 CST][info][core]Entity 'role.tuike_status' is ready!
[2013-03-22 11:08:41 CST][verbose][diag]Handling n:1 references of entity 'role.tuike' on 'status' (2) ...
[2013-03-22 11:08:41 CST][verbose][diag]Handling keys of entity 'role.tuike' ...
[2013-03-22 11:08:41 CST][verbose][diag]Handling features of entity 'role.tuike' (2) ...
[2013-03-22 11:08:41 CST][verbose][diag]Handling n:1 references of entity 'role.tuike' (3) ...
[2013-03-22 11:08:41 CST][verbose][diag]Performing final check of entity 'role.tuike' ...
[2013-03-22 11:08:41 CST][info][core]Entity 'role.tuike' is ready!
[2013-03-22 11:08:41 CST][info][core]Loading entity 'system.user_with_role' from Schema "weibotui" ...
[2013-03-22 11:08:41 CST][verbose][core]The relation entity 'system.user_with_role' is loaded. Status: 0
[2013-03-22 11:08:41 CST][verbose][diag]Initializing relation entity 'system.user_with_role' ...
[2013-03-22 11:08:41 CST][verbose][diag]Handling mixtures of entity 'system.user_with_role' (1) ...
[2013-03-22 11:08:41 CST][verbose][diag]Handling features of entity 'system.user_with_role' (1) ...
[2013-03-22 11:08:41 CST][verbose][diag]Handling members of entity 'system.user_with_role' ...
[2013-03-22 11:08:41 CST][verbose][diag]Handling n:1 references of entity 'system.user_with_role' (1) ...
[2013-03-22 11:08:41 CST][verbose][diag]Handling n:1 references of entity 'system.user_with_role' on 'user' (2) ...
[2013-03-22 11:08:41 CST][info][core]Loading entity 'role.user_role' from Entity system.user_with_role ...
[2013-03-22 11:08:41 CST][verbose][core]The enum entity 'role.user_role' is loaded. Status: 0
[2013-03-22 11:08:41 CST][verbose][diag]Initializing enum entity 'role.user_role' ...
[2013-03-22 11:08:41 CST][verbose][diag]Performing final check of entity 'role.user_role' ...
[2013-03-22 11:08:41 CST][info][core]Entity 'role.user_role' is ready!
[2013-03-22 11:08:41 CST][verbose][diag]Handling n:1 references of entity 'system.user_with_role' on 'role' (2) ...
[2013-03-22 11:08:41 CST][verbose][diag]Handling keys of entity 'system.user_with_role' ...
[2013-03-22 11:08:41 CST][verbose][diag]Handling features of entity 'system.user_with_role' (2) ...
[2013-03-22 11:08:41 CST][verbose][diag]Handling n:1 references of entity 'system.user_with_role' (3) ...
[2013-03-22 11:08:41 CST][verbose][diag]Performing final check of entity 'system.user_with_role' ...
[2013-03-22 11:08:41 CST][info][core]Entity 'system.user_with_role' is ready!
[2013-03-22 11:08:41 CST][info][core]Loading entity 'system.admin_with_role' from Schema "weibotui" ...
[2013-03-22 11:08:41 CST][verbose][core]The relation entity 'system.admin_with_role' is loaded. Status: 0
[2013-03-22 11:08:41 CST][verbose][diag]Initializing relation entity 'system.admin_with_role' ...
[2013-03-22 11:08:41 CST][verbose][diag]Handling mixtures of entity 'system.admin_with_role' (1) ...
[2013-03-22 11:08:41 CST][verbose][diag]Handling features of entity 'system.admin_with_role' (1) ...
[2013-03-22 11:08:41 CST][verbose][diag]Handling members of entity 'system.admin_with_role' ...
[2013-03-22 11:08:41 CST][verbose][diag]Handling n:1 references of entity 'system.admin_with_role' (1) ...
[2013-03-22 11:08:41 CST][verbose][diag]Handling n:1 references of entity 'system.admin_with_role' on 'admin' (2) ...
[2013-03-22 11:08:41 CST][info][core]Loading entity 'system.admin_role' from Entity system.admin_with_role ...
[2013-03-22 11:08:41 CST][verbose][core]The entity entity 'system.admin_role' is loaded. Status: 0
[2013-03-22 11:08:41 CST][verbose][diag]Initializing entity entity 'system.admin_role' ...
[2013-03-22 11:08:41 CST][verbose][diag]Handling mixtures of entity 'system.admin_role' (1) ...
[2013-03-22 11:08:41 CST][verbose][diag]Handling features of entity 'system.admin_role' (1) ...
[2013-03-22 11:08:41 CST][verbose][diag]Handling members of entity 'system.admin_role' ...
[2013-03-22 11:08:41 CST][verbose][diag]Handling n:1 references of entity 'system.admin_role' (1) ...
[2013-03-22 11:08:41 CST][verbose][diag]Handling keys of entity 'system.admin_role' ...
[2013-03-22 11:08:41 CST][verbose][diag]Handling features of entity 'system.admin_role' (2) ...
[2013-03-22 11:08:41 CST][verbose][diag]Handling n:1 references of entity 'system.admin_role' (3) ...
[2013-03-22 11:08:41 CST][verbose][diag]Performing final check of entity 'system.admin_role' ...
[2013-03-22 11:08:41 CST][info][core]Entity 'system.admin_role' is ready!
[2013-03-22 11:08:41 CST][verbose][diag]Handling n:1 references of entity 'system.admin_with_role' on 'role' (2) ...
[2013-03-22 11:08:41 CST][verbose][diag]Handling keys of entity 'system.admin_with_role' ...
[2013-03-22 11:08:41 CST][verbose][diag]Handling features of entity 'system.admin_with_role' (2) ...
[2013-03-22 11:08:41 CST][verbose][diag]Handling n:1 references of entity 'system.admin_with_role' (3) ...
[2013-03-22 11:08:41 CST][verbose][diag]Performing final check of entity 'system.admin_with_role' ...
[2013-03-22 11:08:41 CST][info][core]Entity 'system.admin_with_role' is ready!
[2013-03-22 11:08:41 CST][info][core]Loading entity 'system.user_login_record' from Schema "weibotui" ...
[2013-03-22 11:08:41 CST][verbose][core]The entity entity 'system.user_login_record' is loaded. Status: 0
[2013-03-22 11:08:41 CST][verbose][diag]Initializing entity entity 'system.user_login_record' ...
[2013-03-22 11:08:41 CST][verbose][diag]Handling mixtures of entity 'system.user_login_record' (1) ...
[2013-03-22 11:08:41 CST][verbose][diag]Handling features of entity 'system.user_login_record' (1) ...
[2013-03-22 11:08:41 CST][verbose][diag]Handling members of entity 'system.user_login_record' ...
[2013-03-22 11:08:41 CST][verbose][diag]Handling n:1 references of entity 'system.user_login_record' (1) ...
[2013-03-22 11:08:41 CST][verbose][diag]Handling n:1 references of entity 'system.user_login_record' on 'user' (2) ...
[2013-03-22 11:08:41 CST][info][core]Loading entity 'system.login_type' from Entity system.user_login_record ...
[2013-03-22 11:08:41 CST][verbose][core]The enum entity 'system.login_type' is loaded. Status: 0
[2013-03-22 11:08:41 CST][verbose][diag]Initializing enum entity 'system.login_type' ...
[2013-03-22 11:08:41 CST][verbose][diag]Performing final check of entity 'system.login_type' ...
[2013-03-22 11:08:41 CST][info][core]Entity 'system.login_type' is ready!
[2013-03-22 11:08:41 CST][verbose][diag]Handling n:1 references of entity 'system.user_login_record' on 'type' (2) ...
[2013-03-22 11:08:41 CST][verbose][diag]Handling keys of entity 'system.user_login_record' ...
[2013-03-22 11:08:41 CST][verbose][diag]Handling features of entity 'system.user_login_record' (2) ...
[2013-03-22 11:08:41 CST][verbose][diag]Handling n:1 references of entity 'system.user_login_record' (3) ...
[2013-03-22 11:08:41 CST][verbose][diag]Performing final check of entity 'system.user_login_record' ...
[2013-03-22 11:08:41 CST][info][core]Entity 'system.user_login_record' is ready!
[2013-03-22 11:08:41 CST][info][core]Loading entity 'system.admin_login_record' from Schema "weibotui" ...
[2013-03-22 11:08:41 CST][verbose][core]The entity entity 'system.admin_login_record' is loaded. Status: 0
[2013-03-22 11:08:41 CST][verbose][diag]Initializing entity entity 'system.admin_login_record' ...
[2013-03-22 11:08:41 CST][verbose][diag]Handling mixtures of entity 'system.admin_login_record' (1) ...
[2013-03-22 11:08:41 CST][verbose][diag]Handling features of entity 'system.admin_login_record' (1) ...
[2013-03-22 11:08:41 CST][verbose][diag]Handling members of entity 'system.admin_login_record' ...
[2013-03-22 11:08:41 CST][verbose][diag]Handling n:1 references of entity 'system.admin_login_record' (1) ...
[2013-03-22 11:08:41 CST][verbose][diag]Handling n:1 references of entity 'system.admin_login_record' on 'admin' (2) ...
[2013-03-22 11:08:41 CST][verbose][diag]Handling keys of entity 'system.admin_login_record' ...
[2013-03-22 11:08:41 CST][verbose][diag]Handling features of entity 'system.admin_login_record' (2) ...
[2013-03-22 11:08:41 CST][verbose][diag]Handling n:1 references of entity 'system.admin_login_record' (3) ...
[2013-03-22 11:08:41 CST][verbose][diag]Performing final check of entity 'system.admin_login_record' ...
[2013-03-22 11:08:41 CST][info][core]Entity 'system.admin_login_record' is ready!
[2013-03-22 11:08:41 CST][info][core]Loading entity 'weibo.weibo' from Schema "weibotui" ...
[2013-03-22 11:08:41 CST][info][core]Loading schema set file 'weibo.yml' ...
[2013-03-22 11:08:41 CST][verbose][core]The entity entity 'weibo.weibo' is loaded. Status: 0
[2013-03-22 11:08:41 CST][verbose][diag]Initializing entity entity 'weibo.weibo' ...
[2013-03-22 11:08:41 CST][verbose][diag]Handling mixtures of entity 'weibo.weibo' (1) ...
[2013-03-22 11:08:41 CST][verbose][diag]Handling features of entity 'weibo.weibo' (1) ...
[2013-03-22 11:08:41 CST][verbose][diag]Handling members of entity 'weibo.weibo' ...
[2013-03-22 11:08:41 CST][verbose][diag]Handling n:1 references of entity 'weibo.weibo' (1) ...
[2013-03-22 11:08:41 CST][info][core]Loading entity 'weibo.weibo_type' from Entity weibo.weibo ...
[2013-03-22 11:08:41 CST][verbose][core]The enum entity 'weibo.weibo_type' is loaded. Status: 0
[2013-03-22 11:08:41 CST][verbose][diag]Initializing enum entity 'weibo.weibo_type' ...
[2013-03-22 11:08:41 CST][verbose][diag]Performing final check of entity 'weibo.weibo_type' ...
[2013-03-22 11:08:41 CST][info][core]Entity 'weibo.weibo_type' is ready!
[2013-03-22 11:08:41 CST][verbose][diag]Handling n:1 references of entity 'weibo.weibo' on 'type' (2) ...
[2013-03-22 11:08:41 CST][verbose][diag]Handling n:1 references of entity 'weibo.weibo' on 'user' (2) ...
[2013-03-22 11:08:41 CST][verbose][diag]Handling n:1 references of entity 'weibo.weibo' on 'gender' (2) ...
[2013-03-22 11:08:41 CST][verbose][diag]Handling keys of entity 'weibo.weibo' ...
[2013-03-22 11:08:41 CST][verbose][diag]Handling features of entity 'weibo.weibo' (2) ...
[2013-03-22 11:08:41 CST][verbose][diag]Handling n:1 references of entity 'weibo.weibo' (3) ...
[2013-03-22 11:08:41 CST][verbose][diag]Performing final check of entity 'weibo.weibo' ...
[2013-03-22 11:08:41 CST][info][core]Entity 'weibo.weibo' is ready!
[2013-03-22 11:08:41 CST][info][core]Loading entity 'weibo.weibo_token' from Schema "weibotui" ...
[2013-03-22 11:08:41 CST][verbose][core]The entity entity 'weibo.weibo_token' is loaded. Status: 0
[2013-03-22 11:08:41 CST][verbose][diag]Initializing entity entity 'weibo.weibo_token' ...
[2013-03-22 11:08:41 CST][verbose][diag]Handling mixtures of entity 'weibo.weibo_token' (1) ...
[2013-03-22 11:08:41 CST][verbose][diag]Handling features of entity 'weibo.weibo_token' (1) ...
[2013-03-22 11:08:42 CST][verbose][diag]Handling members of entity 'weibo.weibo_token' ...
[2013-03-22 11:08:42 CST][verbose][diag]Handling n:1 references of entity 'weibo.weibo_token' (1) ...
[2013-03-22 11:08:42 CST][verbose][diag]Handling n:1 references of entity 'weibo.weibo_token' on 'weibo' (2) ...
[2013-03-22 11:08:42 CST][verbose][diag]Handling keys of entity 'weibo.weibo_token' ...
[2013-03-22 11:08:42 CST][verbose][diag]Handling features of entity 'weibo.weibo_token' (2) ...
[2013-03-22 11:08:42 CST][verbose][diag]Handling n:1 references of entity 'weibo.weibo_token' (3) ...
[2013-03-22 11:08:42 CST][verbose][diag]Performing final check of entity 'weibo.weibo_token' ...
[2013-03-22 11:08:42 CST][info][core]Entity 'weibo.weibo_token' is ready!
[2013-03-22 11:08:42 CST][info][core]Loading entity 'weibo.weibo_topic' from Schema "weibotui" ...
[2013-03-22 11:08:42 CST][verbose][core]The relation entity 'weibo.weibo_topic' is loaded. Status: 0
[2013-03-22 11:08:42 CST][verbose][diag]Initializing relation entity 'weibo.weibo_topic' ...
[2013-03-22 11:08:42 CST][verbose][diag]Handling mixtures of entity 'weibo.weibo_topic' (1) ...
[2013-03-22 11:08:42 CST][verbose][diag]Handling features of entity 'weibo.weibo_topic' (1) ...
[2013-03-22 11:08:42 CST][verbose][diag]Handling members of entity 'weibo.weibo_topic' ...
[2013-03-22 11:08:42 CST][info][core]Loading schema set file 'semantic.yml' ...
[2013-03-22 11:08:42 CST][verbose][diag]Handling n:1 references of entity 'weibo.weibo_topic' (1) ...
[2013-03-22 11:08:42 CST][verbose][diag]Handling n:1 references of entity 'weibo.weibo_topic' on 'weibo' (2) ...
[2013-03-22 11:08:42 CST][info][core]Loading entity 'semantic.topic_category' from Entity weibo.weibo_topic ...
[2013-03-22 11:08:42 CST][verbose][core]The entity entity 'semantic.topic_category' is loaded. Status: 0
[2013-03-22 11:08:42 CST][verbose][diag]Initializing entity entity 'semantic.topic_category' ...
[2013-03-22 11:08:42 CST][info][core]Loading entity 'core.dictionary' from Entity semantic.topic_category ...
[2013-03-22 11:08:42 CST][verbose][core]The abstract entity 'core.dictionary' is loaded. Status: 0
[2013-03-22 11:08:42 CST][verbose][diag]Initializing abstract entity 'core.dictionary' ...
[2013-03-22 11:08:42 CST][verbose][diag]Handling inheritance of entity 'core.dictionary' ...
[2013-03-22 11:08:42 CST][verbose][diag]Handling mixtures of entity 'core.dictionary' (1) ...
[2013-03-22 11:08:42 CST][verbose][diag]Handling features of entity 'core.dictionary' (1) ...
[2013-03-22 11:08:42 CST][verbose][diag]Handling members of entity 'core.dictionary' ...
[2013-03-22 11:08:42 CST][verbose][diag]Handling n:1 references of entity 'core.dictionary' (1) ...
[2013-03-22 11:08:42 CST][verbose][diag]Handling keys of entity 'core.dictionary' ...
[2013-03-22 11:08:42 CST][verbose][diag]Handling features of entity 'core.dictionary' (2) ...
[2013-03-22 11:08:42 CST][verbose][diag]Handling n:1 references of entity 'core.dictionary' (3) ...
[2013-03-22 11:08:42 CST][verbose][diag]Performing final check of entity 'core.dictionary' ...
[2013-03-22 11:08:42 CST][info][core]Entity 'core.dictionary' is ready!
[2013-03-22 11:08:42 CST][verbose][diag]Handling inheritance of entity 'semantic.topic_category' ...
[2013-03-22 11:08:42 CST][verbose][diag]Handling mixtures of entity 'semantic.topic_category' (1) ...
[2013-03-22 11:08:42 CST][verbose][diag]Handling features of entity 'semantic.topic_category' (1) ...
[2013-03-22 11:08:42 CST][verbose][diag]Handling members of entity 'semantic.topic_category' ...
[2013-03-22 11:08:42 CST][verbose][diag]Handling n:1 references of entity 'semantic.topic_category' (1) ...
[2013-03-22 11:08:42 CST][verbose][diag]Handling keys of entity 'semantic.topic_category' ...
[2013-03-22 11:08:42 CST][verbose][diag]Handling features of entity 'semantic.topic_category' (2) ...
[2013-03-22 11:08:42 CST][verbose][diag]Handling n:1 references of entity 'semantic.topic_category' (3) ...
[2013-03-22 11:08:42 CST][verbose][diag]Performing final check of entity 'semantic.topic_category' ...
[2013-03-22 11:08:42 CST][info][core]Entity 'semantic.topic_category' is ready!
[2013-03-22 11:08:42 CST][verbose][diag]Handling n:1 references of entity 'weibo.weibo_topic' on 'catetory' (2) ...
[2013-03-22 11:08:42 CST][verbose][diag]Handling keys of entity 'weibo.weibo_topic' ...
[2013-03-22 11:08:42 CST][verbose][diag]Handling features of entity 'weibo.weibo_topic' (2) ...
[2013-03-22 11:08:42 CST][verbose][diag]Handling n:1 references of entity 'weibo.weibo_topic' (3) ...
[2013-03-22 11:08:42 CST][verbose][diag]Performing final check of entity 'weibo.weibo_topic' ...
[2013-03-22 11:08:42 CST][info][core]Entity 'weibo.weibo_topic' is ready!
[2013-03-22 11:08:42 CST][info][core]Loading entity 'weibo.weibo_login_record' from Schema "weibotui" ...
[2013-03-22 11:08:42 CST][verbose][core]The entity entity 'weibo.weibo_login_record' is loaded. Status: 0
[2013-03-22 11:08:42 CST][verbose][diag]Initializing entity entity 'weibo.weibo_login_record' ...
[2013-03-22 11:08:42 CST][verbose][diag]Handling mixtures of entity 'weibo.weibo_login_record' (1) ...
[2013-03-22 11:08:42 CST][verbose][diag]Handling features of entity 'weibo.weibo_login_record' (1) ...
[2013-03-22 11:08:42 CST][verbose][diag]Handling members of entity 'weibo.weibo_login_record' ...
[2013-03-22 11:08:42 CST][verbose][diag]Handling n:1 references of entity 'weibo.weibo_login_record' (1) ...
[2013-03-22 11:08:42 CST][verbose][diag]Handling n:1 references of entity 'weibo.weibo_login_record' on 'weibo' (2) ...
[2013-03-22 11:08:42 CST][verbose][diag]Handling keys of entity 'weibo.weibo_login_record' ...
[2013-03-22 11:08:42 CST][verbose][diag]Handling features of entity 'weibo.weibo_login_record' (2) ...
[2013-03-22 11:08:42 CST][verbose][diag]Handling n:1 references of entity 'weibo.weibo_login_record' (3) ...
[2013-03-22 11:08:42 CST][verbose][diag]Performing final check of entity 'weibo.weibo_login_record' ...
[2013-03-22 11:08:42 CST][info][core]Entity 'weibo.weibo_login_record' is ready!
[2013-03-22 11:08:42 CST][info][core]Loading entity 'corporate.corporate' from Schema "weibotui" ...
[2013-03-22 11:08:42 CST][info][core]Loading schema set file 'corporate.yml' ...
[2013-03-22 11:08:42 CST][verbose][core]The entity entity 'corporate.corporate' is loaded. Status: 0
[2013-03-22 11:08:42 CST][verbose][diag]Initializing entity entity 'corporate.corporate' ...
[2013-03-22 11:08:42 CST][verbose][diag]Handling mixtures of entity 'corporate.corporate' (1) ...
[2013-03-22 11:08:42 CST][verbose][diag]Handling features of entity 'corporate.corporate' (1) ...
[2013-03-22 11:08:42 CST][verbose][diag]Handling members of entity 'corporate.corporate' ...
[2013-03-22 11:08:42 CST][verbose][diag]Handling n:1 references of entity 'corporate.corporate' (1) ...
[2013-03-22 11:08:42 CST][verbose][diag]Handling n:1 references of entity 'corporate.corporate' on 'address' (2) ...
[2013-03-22 11:08:42 CST][verbose][diag]Handling n:1 references of entity 'corporate.corporate' on 'admin' (2) ...
[2013-03-22 11:08:42 CST][info][core]Loading entity 'corporate.corporate_status' from Entity corporate.corporate ...
[2013-03-22 11:08:42 CST][verbose][core]The state entity 'corporate.corporate_status' is loaded. Status: 0
[2013-03-22 11:08:42 CST][verbose][diag]Initializing state entity 'corporate.corporate_status' ...
[2013-03-22 11:08:42 CST][verbose][diag]Performing final check of entity 'corporate.corporate_status' ...
[2013-03-22 11:08:42 CST][info][core]Entity 'corporate.corporate_status' is ready!
[2013-03-22 11:08:42 CST][verbose][diag]Handling n:1 references of entity 'corporate.corporate' on 'status' (2) ...
[2013-03-22 11:08:42 CST][verbose][diag]Handling keys of entity 'corporate.corporate' ...
[2013-03-22 11:08:42 CST][verbose][diag]Handling features of entity 'corporate.corporate' (2) ...
[2013-03-22 11:08:42 CST][verbose][diag]Handling n:1 references of entity 'corporate.corporate' (3) ...
[2013-03-22 11:08:42 CST][verbose][diag]Performing final check of entity 'corporate.corporate' ...
[2013-03-22 11:08:42 CST][info][core]Entity 'corporate.corporate' is ready!
[2013-03-22 11:08:42 CST][info][core]Loading entity 'corporate.staff_in_corporate' from Schema "weibotui" ...
[2013-03-22 11:08:42 CST][verbose][core]The relation entity 'corporate.staff_in_corporate' is loaded. Status: 0
[2013-03-22 11:08:42 CST][verbose][diag]Initializing relation entity 'corporate.staff_in_corporate' ...
[2013-03-22 11:08:42 CST][verbose][diag]Handling mixtures of entity 'corporate.staff_in_corporate' (1) ...
[2013-03-22 11:08:42 CST][verbose][diag]Handling features of entity 'corporate.staff_in_corporate' (1) ...
[2013-03-22 11:08:42 CST][verbose][diag]Handling members of entity 'corporate.staff_in_corporate' ...
[2013-03-22 11:08:42 CST][verbose][diag]Handling n:1 references of entity 'corporate.staff_in_corporate' (1) ...
[2013-03-22 11:08:42 CST][verbose][diag]Handling n:1 references of entity 'corporate.staff_in_corporate' on 'user' (2) ...
[2013-03-22 11:08:42 CST][verbose][diag]Handling n:1 references of entity 'corporate.staff_in_corporate' on 'company' (2) ...
[2013-03-22 11:08:42 CST][verbose][diag]Handling keys of entity 'corporate.staff_in_corporate' ...
[2013-03-22 11:08:42 CST][verbose][diag]Handling features of entity 'corporate.staff_in_corporate' (2) ...
[2013-03-22 11:08:42 CST][verbose][diag]Handling n:1 references of entity 'corporate.staff_in_corporate' (3) ...
[2013-03-22 11:08:42 CST][verbose][diag]Performing final check of entity 'corporate.staff_in_corporate' ...
[2013-03-22 11:08:42 CST][info][core]Entity 'corporate.staff_in_corporate' is ready!
[2013-03-22 11:08:42 CST][info][core]Loading entity 'asset.user_asset' from Schema "weibotui" ...
[2013-03-22 11:08:42 CST][info][core]Loading schema set file 'asset.yml' ...
[2013-03-22 11:08:42 CST][verbose][core]The entity entity 'asset.user_asset' is loaded. Status: 0
[2013-03-22 11:08:42 CST][verbose][diag]Initializing entity entity 'asset.user_asset' ...
[2013-03-22 11:08:42 CST][verbose][diag]Handling mixtures of entity 'asset.user_asset' (1) ...
[2013-03-22 11:08:42 CST][verbose][diag]Handling features of entity 'asset.user_asset' (1) ...
[2013-03-22 11:08:42 CST][verbose][diag]Handling members of entity 'asset.user_asset' ...
[2013-03-22 11:08:42 CST][verbose][diag]Handling n:1 references of entity 'asset.user_asset' (1) ...
[2013-03-22 11:08:42 CST][verbose][diag]Handling n:1 references of entity 'asset.user_asset' on 'user' (2) ...
[2013-03-22 11:08:42 CST][verbose][diag]Handling keys of entity 'asset.user_asset' ...
[2013-03-22 11:08:42 CST][verbose][diag]Handling features of entity 'asset.user_asset' (2) ...
[2013-03-22 11:08:42 CST][verbose][diag]Handling n:1 references of entity 'asset.user_asset' (3) ...
[2013-03-22 11:08:42 CST][verbose][diag]Performing final check of entity 'asset.user_asset' ...
[2013-03-22 11:08:42 CST][info][core]Entity 'asset.user_asset' is ready!
[2013-03-22 11:08:42 CST][info][core]Loading entity 'asset.user_deposit_record' from Schema "weibotui" ...
[2013-03-22 11:08:42 CST][verbose][core]The entity entity 'asset.user_deposit_record' is loaded. Status: 0
[2013-03-22 11:08:42 CST][verbose][diag]Initializing entity entity 'asset.user_deposit_record' ...
[2013-03-22 11:08:42 CST][verbose][diag]Handling mixtures of entity 'asset.user_deposit_record' (1) ...
[2013-03-22 11:08:42 CST][verbose][diag]Handling features of entity 'asset.user_deposit_record' (1) ...
[2013-03-22 11:08:42 CST][verbose][diag]Handling members of entity 'asset.user_deposit_record' ...
[2013-03-22 11:08:42 CST][info][core]Loading schema set file 'transaction.yml' ...
[2013-03-22 11:08:42 CST][verbose][diag]Handling n:1 references of entity 'asset.user_deposit_record' (1) ...
[2013-03-22 11:08:42 CST][verbose][diag]Handling n:1 references of entity 'asset.user_deposit_record' on 'user' (2) ...
[2013-03-22 11:08:42 CST][info][core]Loading entity 'transaction.income' from Entity asset.user_deposit_record ...
[2013-03-22 11:08:42 CST][verbose][core]The entity entity 'transaction.income' is loaded. Status: 0
[2013-03-22 11:08:42 CST][verbose][diag]Initializing entity entity 'transaction.income' ...
[2013-03-22 11:08:42 CST][verbose][diag]Handling mixtures of entity 'transaction.income' (1) ...
[2013-03-22 11:08:42 CST][verbose][diag]Handling features of entity 'transaction.income' (1) ...
[2013-03-22 11:08:42 CST][verbose][diag]Handling members of entity 'transaction.income' ...
[2013-03-22 11:08:42 CST][verbose][diag]Handling n:1 references of entity 'transaction.income' (1) ...
[2013-03-22 11:08:42 CST][info][core]Loading entity 'transaction.income_type' from Entity transaction.income ...
[2013-03-22 11:08:42 CST][verbose][core]The enum entity 'transaction.income_type' is loaded. Status: 0
[2013-03-22 11:08:42 CST][verbose][diag]Initializing enum entity 'transaction.income_type' ...
[2013-03-22 11:08:42 CST][verbose][diag]Performing final check of entity 'transaction.income_type' ...
[2013-03-22 11:08:42 CST][info][core]Entity 'transaction.income_type' is ready!
[2013-03-22 11:08:42 CST][verbose][diag]Handling n:1 references of entity 'transaction.income' on 'type' (2) ...
[2013-03-22 11:08:42 CST][info][core]Loading entity 'transaction.payment_method' from Entity transaction.income ...
[2013-03-22 11:08:42 CST][verbose][core]The enum entity 'transaction.payment_method' is loaded. Status: 0
[2013-03-22 11:08:42 CST][verbose][diag]Initializing enum entity 'transaction.payment_method' ...
[2013-03-22 11:08:42 CST][verbose][diag]Performing final check of entity 'transaction.payment_method' ...
[2013-03-22 11:08:42 CST][info][core]Entity 'transaction.payment_method' is ready!
[2013-03-22 11:08:42 CST][verbose][diag]Handling n:1 references of entity 'transaction.income' on 'payment_method' (2) ...
[2013-03-22 11:08:42 CST][info][core]Loading entity 'transaction.transaction_status' from Entity transaction.income ...
[2013-03-22 11:08:42 CST][verbose][core]The state entity 'transaction.transaction_status' is loaded. Status: 0
[2013-03-22 11:08:42 CST][verbose][diag]Initializing state entity 'transaction.transaction_status' ...
[2013-03-22 11:08:42 CST][verbose][diag]Performing final check of entity 'transaction.transaction_status' ...
[2013-03-22 11:08:42 CST][info][core]Entity 'transaction.transaction_status' is ready!
[2013-03-22 11:08:42 CST][verbose][diag]Handling n:1 references of entity 'transaction.income' on 'status' (2) ...
[2013-03-22 11:08:43 CST][verbose][diag]Handling keys of entity 'transaction.income' ...
[2013-03-22 11:08:43 CST][verbose][diag]Handling features of entity 'transaction.income' (2) ...
[2013-03-22 11:08:43 CST][verbose][diag]Handling n:1 references of entity 'transaction.income' (3) ...
[2013-03-22 11:08:43 CST][verbose][diag]Performing final check of entity 'transaction.income' ...
[2013-03-22 11:08:43 CST][info][core]Entity 'transaction.income' is ready!
[2013-03-22 11:08:43 CST][verbose][diag]Handling n:1 references of entity 'asset.user_deposit_record' on 'transaction' (2) ...
[2013-03-22 11:08:43 CST][info][core]Loading entity 'transaction.invoice' from Entity asset.user_deposit_record ...
[2013-03-22 11:08:43 CST][verbose][core]The entity entity 'transaction.invoice' is loaded. Status: 0
[2013-03-22 11:08:43 CST][verbose][diag]Initializing entity entity 'transaction.invoice' ...
[2013-03-22 11:08:43 CST][verbose][diag]Handling mixtures of entity 'transaction.invoice' (1) ...
[2013-03-22 11:08:43 CST][verbose][diag]Handling features of entity 'transaction.invoice' (1) ...
[2013-03-22 11:08:43 CST][verbose][diag]Handling members of entity 'transaction.invoice' ...
[2013-03-22 11:08:43 CST][verbose][diag]Handling n:1 references of entity 'transaction.invoice' (1) ...
[2013-03-22 11:08:43 CST][verbose][diag]Handling keys of entity 'transaction.invoice' ...
[2013-03-22 11:08:43 CST][verbose][diag]Handling features of entity 'transaction.invoice' (2) ...
[2013-03-22 11:08:43 CST][verbose][diag]Handling n:1 references of entity 'transaction.invoice' (3) ...
[2013-03-22 11:08:43 CST][verbose][diag]Performing final check of entity 'transaction.invoice' ...
[2013-03-22 11:08:43 CST][info][core]Entity 'transaction.invoice' is ready!
[2013-03-22 11:08:43 CST][verbose][diag]Handling n:1 references of entity 'asset.user_deposit_record' on 'invoice' (2) ...
[2013-03-22 11:08:43 CST][info][core]Loading entity 'asset.user_deposit_status' from Entity asset.user_deposit_record ...
[2013-03-22 11:08:43 CST][verbose][core]The state entity 'asset.user_deposit_status' is loaded. Status: 0
[2013-03-22 11:08:43 CST][verbose][diag]Initializing state entity 'asset.user_deposit_status' ...
[2013-03-22 11:08:43 CST][verbose][diag]Performing final check of entity 'asset.user_deposit_status' ...
[2013-03-22 11:08:43 CST][info][core]Entity 'asset.user_deposit_status' is ready!
[2013-03-22 11:08:43 CST][verbose][diag]Handling n:1 references of entity 'asset.user_deposit_record' on 'status' (2) ...
[2013-03-22 11:08:43 CST][verbose][diag]Handling keys of entity 'asset.user_deposit_record' ...
[2013-03-22 11:08:43 CST][verbose][diag]Handling features of entity 'asset.user_deposit_record' (2) ...
[2013-03-22 11:08:43 CST][verbose][diag]Handling n:1 references of entity 'asset.user_deposit_record' (3) ...
[2013-03-22 11:08:43 CST][verbose][diag]Performing final check of entity 'asset.user_deposit_record' ...
[2013-03-22 11:08:43 CST][info][core]Entity 'asset.user_deposit_record' is ready!
[2013-03-22 11:08:43 CST][info][core]Loading entity 'asset.user_income_record' from Schema "weibotui" ...
[2013-03-22 11:08:43 CST][verbose][core]The entity entity 'asset.user_income_record' is loaded. Status: 0
[2013-03-22 11:08:43 CST][verbose][diag]Initializing entity entity 'asset.user_income_record' ...
[2013-03-22 11:08:43 CST][verbose][diag]Handling mixtures of entity 'asset.user_income_record' (1) ...
[2013-03-22 11:08:43 CST][verbose][diag]Handling features of entity 'asset.user_income_record' (1) ...
[2013-03-22 11:08:43 CST][verbose][diag]Handling members of entity 'asset.user_income_record' ...
[2013-03-22 11:08:43 CST][verbose][diag]Handling n:1 references of entity 'asset.user_income_record' (1) ...
[2013-03-22 11:08:43 CST][verbose][diag]Handling n:1 references of entity 'asset.user_income_record' on 'user' (2) ...
[2013-03-22 11:08:43 CST][info][core]Loading entity 'asset.user_business_type' from Entity asset.user_income_record ...
[2013-03-22 11:08:43 CST][verbose][core]The enum entity 'asset.user_business_type' is loaded. Status: 0
[2013-03-22 11:08:43 CST][verbose][diag]Initializing enum entity 'asset.user_business_type' ...
[2013-03-22 11:08:43 CST][verbose][diag]Performing final check of entity 'asset.user_business_type' ...
[2013-03-22 11:08:43 CST][info][core]Entity 'asset.user_business_type' is ready!
[2013-03-22 11:08:43 CST][verbose][diag]Handling n:1 references of entity 'asset.user_income_record' on 'source' (2) ...
[2013-03-22 11:08:43 CST][verbose][diag]Handling keys of entity 'asset.user_income_record' ...
[2013-03-22 11:08:43 CST][verbose][diag]Handling features of entity 'asset.user_income_record' (2) ...
[2013-03-22 11:08:43 CST][verbose][diag]Handling n:1 references of entity 'asset.user_income_record' (3) ...
[2013-03-22 11:08:43 CST][verbose][diag]Performing final check of entity 'asset.user_income_record' ...
[2013-03-22 11:08:43 CST][info][core]Entity 'asset.user_income_record' is ready!
[2013-03-22 11:08:43 CST][info][core]Loading entity 'asset.service_income_record' from Schema "weibotui" ...
[2013-03-22 11:08:43 CST][verbose][core]The entity entity 'asset.service_income_record' is loaded. Status: 0
[2013-03-22 11:08:43 CST][verbose][diag]Initializing entity entity 'asset.service_income_record' ...
[2013-03-22 11:08:43 CST][verbose][diag]Handling mixtures of entity 'asset.service_income_record' (1) ...
[2013-03-22 11:08:43 CST][verbose][diag]Handling features of entity 'asset.service_income_record' (1) ...
[2013-03-22 11:08:43 CST][verbose][diag]Handling members of entity 'asset.service_income_record' ...
[2013-03-22 11:08:43 CST][verbose][diag]Handling n:1 references of entity 'asset.service_income_record' (1) ...
[2013-03-22 11:08:43 CST][info][core]Loading entity 'asset.user_expense_record' from Entity asset.service_income_record ...
[2013-03-22 11:08:43 CST][verbose][core]The entity entity 'asset.user_expense_record' is loaded. Status: 0
[2013-03-22 11:08:43 CST][verbose][diag]Initializing entity entity 'asset.user_expense_record' ...
[2013-03-22 11:08:43 CST][verbose][diag]Handling mixtures of entity 'asset.user_expense_record' (1) ...
[2013-03-22 11:08:43 CST][verbose][diag]Handling features of entity 'asset.user_expense_record' (1) ...
[2013-03-22 11:08:43 CST][verbose][diag]Handling members of entity 'asset.user_expense_record' ...
[2013-03-22 11:08:43 CST][verbose][diag]Handling n:1 references of entity 'asset.user_expense_record' (1) ...
[2013-03-22 11:08:43 CST][verbose][diag]Handling n:1 references of entity 'asset.user_expense_record' on 'user' (2) ...
[2013-03-22 11:08:43 CST][verbose][diag]Handling n:1 references of entity 'asset.user_expense_record' on 'usage' (2) ...
[2013-03-22 11:08:43 CST][info][core]Loading entity 'asset.user_expense_status' from Entity asset.user_expense_record ...
[2013-03-22 11:08:43 CST][verbose][core]The state entity 'asset.user_expense_status' is loaded. Status: 0
[2013-03-22 11:08:43 CST][verbose][diag]Initializing state entity 'asset.user_expense_status' ...
[2013-03-22 11:08:43 CST][verbose][diag]Performing final check of entity 'asset.user_expense_status' ...
[2013-03-22 11:08:43 CST][info][core]Entity 'asset.user_expense_status' is ready!
[2013-03-22 11:08:43 CST][verbose][diag]Handling n:1 references of entity 'asset.user_expense_record' on 'status' (2) ...
[2013-03-22 11:08:43 CST][verbose][diag]Handling keys of entity 'asset.user_expense_record' ...
[2013-03-22 11:08:43 CST][verbose][diag]Handling features of entity 'asset.user_expense_record' (2) ...
[2013-03-22 11:08:43 CST][verbose][diag]Handling n:1 references of entity 'asset.user_expense_record' (3) ...
[2013-03-22 11:08:43 CST][verbose][diag]Performing final check of entity 'asset.user_expense_record' ...
[2013-03-22 11:08:43 CST][info][core]Entity 'asset.user_expense_record' is ready!
[2013-03-22 11:08:43 CST][verbose][diag]Handling n:1 references of entity 'asset.service_income_record' on 'consumer_expense' (2) ...
[2013-03-22 11:08:43 CST][verbose][diag]Handling n:1 references of entity 'asset.service_income_record' on 'supplier_income' (2) ...
[2013-03-22 11:08:43 CST][verbose][diag]Handling keys of entity 'asset.service_income_record' ...
[2013-03-22 11:08:43 CST][verbose][diag]Handling features of entity 'asset.service_income_record' (2) ...
[2013-03-22 11:08:43 CST][verbose][diag]Handling n:1 references of entity 'asset.service_income_record' (3) ...
[2013-03-22 11:08:43 CST][verbose][diag]Performing final check of entity 'asset.service_income_record' ...
[2013-03-22 11:08:43 CST][info][core]Entity 'asset.service_income_record' is ready!
[2013-03-22 11:08:43 CST][info][core]Loading entity 'transaction.payout' from Schema "weibotui" ...
[2013-03-22 11:08:43 CST][verbose][core]The entity entity 'transaction.payout' is loaded. Status: 0
[2013-03-22 11:08:43 CST][verbose][diag]Initializing entity entity 'transaction.payout' ...
[2013-03-22 11:08:43 CST][verbose][diag]Handling mixtures of entity 'transaction.payout' (1) ...
[2013-03-22 11:08:43 CST][verbose][diag]Handling features of entity 'transaction.payout' (1) ...
[2013-03-22 11:08:43 CST][verbose][diag]Handling members of entity 'transaction.payout' ...
[2013-03-22 11:08:44 CST][verbose][diag]Handling n:1 references of entity 'transaction.payout' (1) ...
[2013-03-22 11:08:44 CST][info][core]Loading entity 'transaction.payout_type' from Entity transaction.payout ...
[2013-03-22 11:08:44 CST][verbose][core]The enum entity 'transaction.payout_type' is loaded. Status: 0
[2013-03-22 11:08:44 CST][verbose][diag]Initializing enum entity 'transaction.payout_type' ...
[2013-03-22 11:08:44 CST][verbose][diag]Performing final check of entity 'transaction.payout_type' ...
[2013-03-22 11:08:44 CST][info][core]Entity 'transaction.payout_type' is ready!
[2013-03-22 11:08:44 CST][verbose][diag]Handling n:1 references of entity 'transaction.payout' on 'type' (2) ...
[2013-03-22 11:08:44 CST][verbose][diag]Handling n:1 references of entity 'transaction.payout' on 'payment_method' (2) ...
[2013-03-22 11:08:44 CST][verbose][diag]Handling n:1 references of entity 'transaction.payout' on 'status' (2) ...
[2013-03-22 11:08:44 CST][verbose][diag]Handling keys of entity 'transaction.payout' ...
[2013-03-22 11:08:44 CST][verbose][diag]Handling features of entity 'transaction.payout' (2) ...
[2013-03-22 11:08:44 CST][verbose][diag]Handling n:1 references of entity 'transaction.payout' (3) ...
[2013-03-22 11:08:44 CST][verbose][diag]Performing final check of entity 'transaction.payout' ...
[2013-03-22 11:08:44 CST][info][core]Entity 'transaction.payout' is ready!
[2013-03-22 11:08:44 CST][info][core]Loading entity 'campaign.weibo_order' from Schema "weibotui" ...
[2013-03-22 11:08:44 CST][info][core]Loading schema set file 'campaign.yml' ...
[2013-03-22 11:08:44 CST][verbose][core]The entity entity 'campaign.weibo_order' is loaded. Status: 0
[2013-03-22 11:08:44 CST][verbose][diag]Initializing entity entity 'campaign.weibo_order' ...
[2013-03-22 11:08:44 CST][verbose][diag]Handling mixtures of entity 'campaign.weibo_order' (1) ...
[2013-03-22 11:08:44 CST][verbose][diag]Handling features of entity 'campaign.weibo_order' (1) ...
[2013-03-22 11:08:44 CST][verbose][diag]Handling members of entity 'campaign.weibo_order' ...
[2013-03-22 11:08:44 CST][info][core]Loading schema set file 'inventory.yml' ...
[2013-03-22 11:08:44 CST][info][core]Loading schema set file 'wbt.yml' ...
[2013-03-22 11:08:44 CST][verbose][diag]Handling n:1 references of entity 'campaign.weibo_order' (1) ...
[2013-03-22 11:08:44 CST][info][core]Loading entity 'campaign.weibo_campaign' from Entity campaign.weibo_order ...
[2013-03-22 11:08:44 CST][verbose][core]The entity entity 'campaign.weibo_campaign' is loaded. Status: 0
[2013-03-22 11:08:44 CST][verbose][diag]Initializing entity entity 'campaign.weibo_campaign' ...
[2013-03-22 11:08:44 CST][verbose][diag]Handling mixtures of entity 'campaign.weibo_campaign' (1) ...
[2013-03-22 11:08:44 CST][verbose][diag]Handling features of entity 'campaign.weibo_campaign' (1) ...
[2013-03-22 11:08:44 CST][verbose][diag]Handling members of entity 'campaign.weibo_campaign' ...
[2013-03-22 11:08:44 CST][verbose][diag]Handling n:1 references of entity 'campaign.weibo_campaign' (1) ...
[2013-03-22 11:08:44 CST][verbose][diag]Handling n:1 references of entity 'campaign.weibo_campaign' on 'user' (2) ...
[2013-03-22 11:08:44 CST][info][core]Loading entity 'campaign.weibo_campaign_type' from Entity campaign.weibo_campaign ...
[2013-03-22 11:08:44 CST][verbose][core]The enum entity 'campaign.weibo_campaign_type' is loaded. Status: 0
[2013-03-22 11:08:44 CST][verbose][diag]Initializing enum entity 'campaign.weibo_campaign_type' ...
[2013-03-22 11:08:44 CST][verbose][diag]Performing final check of entity 'campaign.weibo_campaign_type' ...
[2013-03-22 11:08:44 CST][info][core]Entity 'campaign.weibo_campaign_type' is ready!
[2013-03-22 11:08:44 CST][verbose][diag]Handling n:1 references of entity 'campaign.weibo_campaign' on 'type' (2) ...
[2013-03-22 11:08:44 CST][info][core]Loading entity 'campaign.weibo_campaign_status' from Entity campaign.weibo_campaign ...
[2013-03-22 11:08:44 CST][verbose][core]The state entity 'campaign.weibo_campaign_status' is loaded. Status: 0
[2013-03-22 11:08:44 CST][verbose][diag]Initializing state entity 'campaign.weibo_campaign_status' ...
[2013-03-22 11:08:45 CST][verbose][diag]Performing final check of entity 'campaign.weibo_campaign_status' ...
[2013-03-22 11:08:45 CST][info][core]Entity 'campaign.weibo_campaign_status' is ready!
[2013-03-22 11:08:45 CST][verbose][diag]Handling n:1 references of entity 'campaign.weibo_campaign' on 'status' (2) ...
[2013-03-22 11:08:45 CST][verbose][diag]Handling keys of entity 'campaign.weibo_campaign' ...
[2013-03-22 11:08:45 CST][verbose][diag]Handling features of entity 'campaign.weibo_campaign' (2) ...
[2013-03-22 11:08:45 CST][verbose][diag]Handling n:1 references of entity 'campaign.weibo_campaign' (3) ...
[2013-03-22 11:08:45 CST][verbose][diag]Performing final check of entity 'campaign.weibo_campaign' ...
[2013-03-22 11:08:45 CST][info][core]Entity 'campaign.weibo_campaign' is ready!
[2013-03-22 11:08:45 CST][verbose][diag]Handling n:1 references of entity 'campaign.weibo_order' on 'campaign' (2) ...
[2013-03-22 11:08:45 CST][info][core]Loading entity 'inventory.weibo_inventory' from Entity campaign.weibo_order ...
[2013-03-22 11:08:45 CST][verbose][core]The entity entity 'inventory.weibo_inventory' is loaded. Status: 0
[2013-03-22 11:08:45 CST][verbose][diag]Initializing entity entity 'inventory.weibo_inventory' ...
[2013-03-22 11:08:45 CST][verbose][diag]Handling mixtures of entity 'inventory.weibo_inventory' (1) ...
[2013-03-22 11:08:45 CST][verbose][diag]Handling features of entity 'inventory.weibo_inventory' (1) ...
[2013-03-22 11:08:45 CST][verbose][diag]Handling members of entity 'inventory.weibo_inventory' ...
[2013-03-22 11:08:45 CST][verbose][diag]Handling n:1 references of entity 'inventory.weibo_inventory' (1) ...
[2013-03-22 11:08:45 CST][verbose][diag]Handling n:1 references of entity 'inventory.weibo_inventory' on 'weibo' (2) ...
[2013-03-22 11:08:45 CST][verbose][diag]Handling n:1 references of entity 'inventory.weibo_inventory' on 'user' (2) ...
[2013-03-22 11:08:45 CST][verbose][diag]Handling n:1 references of entity 'inventory.weibo_inventory' on 'type' (2) ...
[2013-03-22 11:08:45 CST][info][core]Loading entity 'inventory.inventory_status' from Entity inventory.weibo_inventory ...
[2013-03-22 11:08:45 CST][verbose][core]The state entity 'inventory.inventory_status' is loaded. Status: 0
[2013-03-22 11:08:45 CST][verbose][diag]Initializing state entity 'inventory.inventory_status' ...
[2013-03-22 11:08:45 CST][verbose][diag]Performing final check of entity 'inventory.inventory_status' ...
[2013-03-22 11:08:45 CST][info][core]Entity 'inventory.inventory_status' is ready!
[2013-03-22 11:08:45 CST][verbose][diag]Handling n:1 references of entity 'inventory.weibo_inventory' on 'status' (2) ...
[2013-03-22 11:08:45 CST][verbose][diag]Handling n:1 references of entity 'inventory.weibo_inventory' on 'auditor' (2) ...
[2013-03-22 11:08:45 CST][verbose][diag]Handling keys of entity 'inventory.weibo_inventory' ...
[2013-03-22 11:08:45 CST][verbose][diag]Handling features of entity 'inventory.weibo_inventory' (2) ...
[2013-03-22 11:08:45 CST][verbose][diag]Handling n:1 references of entity 'inventory.weibo_inventory' (3) ...
[2013-03-22 11:08:45 CST][verbose][diag]Performing final check of entity 'inventory.weibo_inventory' ...
[2013-03-22 11:08:45 CST][info][core]Entity 'inventory.weibo_inventory' is ready!
[2013-03-22 11:08:45 CST][verbose][diag]Handling n:1 references of entity 'campaign.weibo_order' on 'inventory' (2) ...
[2013-03-22 11:08:45 CST][verbose][diag]Handling n:1 references of entity 'campaign.weibo_order' on 'advertiser' (2) ...
[2013-03-22 11:08:45 CST][verbose][diag]Handling n:1 references of entity 'campaign.weibo_order' on 'tuike' (2) ...
[2013-03-22 11:08:45 CST][info][core]Loading entity 'campaign.weibo_order_status' from Entity campaign.weibo_order ...
[2013-03-22 11:08:45 CST][verbose][core]The state entity 'campaign.weibo_order_status' is loaded. Status: 0
[2013-03-22 11:08:45 CST][verbose][diag]Initializing state entity 'campaign.weibo_order_status' ...
[2013-03-22 11:08:45 CST][verbose][diag]Performing final check of entity 'campaign.weibo_order_status' ...
[2013-03-22 11:08:45 CST][info][core]Entity 'campaign.weibo_order_status' is ready!
[2013-03-22 11:08:45 CST][verbose][diag]Handling n:1 references of entity 'campaign.weibo_order' on 'status' (2) ...
[2013-03-22 11:08:46 CST][info][core]Loading entity 'campaign.weibo_order_send_method' from Entity campaign.weibo_order ...
[2013-03-22 11:08:46 CST][verbose][core]The enum entity 'campaign.weibo_order_send_method' is loaded. Status: 0
[2013-03-22 11:08:46 CST][verbose][diag]Initializing enum entity 'campaign.weibo_order_send_method' ...
[2013-03-22 11:08:46 CST][verbose][diag]Performing final check of entity 'campaign.weibo_order_send_method' ...
[2013-03-22 11:08:46 CST][info][core]Entity 'campaign.weibo_order_send_method' is ready!
[2013-03-22 11:08:46 CST][verbose][diag]Handling n:1 references of entity 'campaign.weibo_order' on 'send_method' (2) ...
[2013-03-22 11:08:46 CST][verbose][diag]Handling n:1 references of entity 'campaign.weibo_order' on 'advertiser_expense_record' (2) ...
[2013-03-22 11:08:46 CST][verbose][diag]Handling n:1 references of entity 'campaign.weibo_order' on 'tuike_income_record' (2) ...
[2013-03-22 11:08:46 CST][verbose][diag]Handling n:1 references of entity 'campaign.weibo_order' on 'service_income_record' (2) ...
[2013-03-22 11:08:46 CST][verbose][diag]Handling n:1 references of entity 'campaign.weibo_order' on 'verifier' (2) ...
[2013-03-22 11:08:46 CST][verbose][diag]Handling keys of entity 'campaign.weibo_order' ...
[2013-03-22 11:08:46 CST][verbose][diag]Handling features of entity 'campaign.weibo_order' (2) ...
[2013-03-22 11:08:46 CST][verbose][diag]Handling n:1 references of entity 'campaign.weibo_order' (3) ...
[2013-03-22 11:08:46 CST][verbose][diag]Performing final check of entity 'campaign.weibo_order' ...
[2013-03-22 11:08:46 CST][info][core]Entity 'campaign.weibo_order' is ready!
[2013-03-22 11:08:46 CST][info][core]Loading entity 'weibo.sina_dingshi_weibo' from Schema "weibotui" ...
[2013-03-22 11:08:46 CST][verbose][core]The entity entity 'weibo.sina_dingshi_weibo' is loaded. Status: 0
[2013-03-22 11:08:46 CST][verbose][diag]Initializing entity entity 'weibo.sina_dingshi_weibo' ...
[2013-03-22 11:08:46 CST][verbose][diag]Handling mixtures of entity 'weibo.sina_dingshi_weibo' (1) ...
[2013-03-22 11:08:46 CST][verbose][diag]Handling features of entity 'weibo.sina_dingshi_weibo' (1) ...
[2013-03-22 11:08:46 CST][verbose][diag]Handling members of entity 'weibo.sina_dingshi_weibo' ...
[2013-03-22 11:08:46 CST][verbose][diag]Handling n:1 references of entity 'weibo.sina_dingshi_weibo' (1) ...
[2013-03-22 11:08:46 CST][info][core]Loading entity 'weibo.dingshi_weibo_status' from Entity weibo.sina_dingshi_weibo ...
[2013-03-22 11:08:46 CST][verbose][core]The enum entity 'weibo.dingshi_weibo_status' is loaded. Status: 0
[2013-03-22 11:08:46 CST][verbose][diag]Initializing enum entity 'weibo.dingshi_weibo_status' ...
[2013-03-22 11:08:46 CST][verbose][diag]Performing final check of entity 'weibo.dingshi_weibo_status' ...
[2013-03-22 11:08:46 CST][info][core]Entity 'weibo.dingshi_weibo_status' is ready!
[2013-03-22 11:08:46 CST][verbose][diag]Handling n:1 references of entity 'weibo.sina_dingshi_weibo' on 'status' (2) ...
[2013-03-22 11:08:46 CST][verbose][diag]Handling keys of entity 'weibo.sina_dingshi_weibo' ...
[2013-03-22 11:08:46 CST][verbose][diag]Handling features of entity 'weibo.sina_dingshi_weibo' (2) ...
[2013-03-22 11:08:46 CST][verbose][diag]Handling n:1 references of entity 'weibo.sina_dingshi_weibo' (3) ...
[2013-03-22 11:08:46 CST][verbose][diag]Performing final check of entity 'weibo.sina_dingshi_weibo' ...
[2013-03-22 11:08:46 CST][info][core]Entity 'weibo.sina_dingshi_weibo' is ready!
[2013-03-22 11:08:46 CST][info][core]Loading entity 'weibo.qq_dingshi_weibo' from Schema "weibotui" ...
[2013-03-22 11:08:46 CST][verbose][core]The entity entity 'weibo.qq_dingshi_weibo' is loaded. Status: 0
[2013-03-22 11:08:46 CST][verbose][diag]Initializing entity entity 'weibo.qq_dingshi_weibo' ...
[2013-03-22 11:08:46 CST][verbose][diag]Handling mixtures of entity 'weibo.qq_dingshi_weibo' (1) ...
[2013-03-22 11:08:46 CST][verbose][diag]Handling features of entity 'weibo.qq_dingshi_weibo' (1) ...
[2013-03-22 11:08:46 CST][verbose][diag]Handling members of entity 'weibo.qq_dingshi_weibo' ...
[2013-03-22 11:08:47 CST][verbose][diag]Handling n:1 references of entity 'weibo.qq_dingshi_weibo' (1) ...
[2013-03-22 11:08:47 CST][verbose][diag]Handling n:1 references of entity 'weibo.qq_dingshi_weibo' on 'status' (2) ...
[2013-03-22 11:08:47 CST][verbose][diag]Handling keys of entity 'weibo.qq_dingshi_weibo' ...
[2013-03-22 11:08:47 CST][verbose][diag]Handling features of entity 'weibo.qq_dingshi_weibo' (2) ...
[2013-03-22 11:08:47 CST][verbose][diag]Handling n:1 references of entity 'weibo.qq_dingshi_weibo' (3) ...
[2013-03-22 11:08:47 CST][verbose][diag]Performing final check of entity 'weibo.qq_dingshi_weibo' ...
[2013-03-22 11:08:47 CST][info][core]Entity 'weibo.qq_dingshi_weibo' is ready!
[2013-03-22 11:08:47 CST][info][core]Loading entity 'task_queue.task_queue' from Schema "weibotui" ...
[2013-03-22 11:08:47 CST][info][core]Loading schema set file 'task_queue.yml' ...
[2013-03-22 11:08:47 CST][verbose][core]The entity entity 'task_queue.task_queue' is loaded. Status: 0
[2013-03-22 11:08:47 CST][verbose][diag]Initializing entity entity 'task_queue.task_queue' ...
[2013-03-22 11:08:47 CST][verbose][diag]Handling mixtures of entity 'task_queue.task_queue' (1) ...
[2013-03-22 11:08:47 CST][verbose][diag]Handling features of entity 'task_queue.task_queue' (1) ...
[2013-03-22 11:08:47 CST][verbose][diag]Handling members of entity 'task_queue.task_queue' ...
[2013-03-22 11:08:47 CST][verbose][diag]Handling n:1 references of entity 'task_queue.task_queue' (1) ...
[2013-03-22 11:08:47 CST][info][core]Loading entity 'task_queue.task_status' from Entity task_queue.task_queue ...
[2013-03-22 11:08:47 CST][verbose][core]The enum entity 'task_queue.task_status' is loaded. Status: 0
[2013-03-22 11:08:47 CST][verbose][diag]Initializing enum entity 'task_queue.task_status' ...
[2013-03-22 11:08:47 CST][verbose][diag]Performing final check of entity 'task_queue.task_status' ...
[2013-03-22 11:08:47 CST][info][core]Entity 'task_queue.task_status' is ready!
[2013-03-22 11:08:47 CST][verbose][diag]Handling n:1 references of entity 'task_queue.task_queue' on 'status' (2) ...
[2013-03-22 11:08:47 CST][verbose][diag]Handling keys of entity 'task_queue.task_queue' ...
[2013-03-22 11:08:47 CST][verbose][diag]Handling features of entity 'task_queue.task_queue' (2) ...
[2013-03-22 11:08:47 CST][verbose][diag]Handling n:1 references of entity 'task_queue.task_queue' (3) ...
[2013-03-22 11:08:47 CST][verbose][diag]Performing final check of entity 'task_queue.task_queue' ...
[2013-03-22 11:08:47 CST][info][core]Entity 'task_queue.task_queue' is ready!
[2013-03-22 11:08:47 CST][info][core]Loading entity 'system.system_property' from Schema "weibotui" ...
[2013-03-22 11:08:47 CST][verbose][core]The entity entity 'system.system_property' is loaded. Status: 0
[2013-03-22 11:08:47 CST][verbose][diag]Initializing entity entity 'system.system_property' ...
[2013-03-22 11:08:47 CST][verbose][diag]Handling mixtures of entity 'system.system_property' (1) ...
[2013-03-22 11:08:47 CST][verbose][diag]Handling features of entity 'system.system_property' (1) ...
[2013-03-22 11:08:47 CST][verbose][diag]Handling members of entity 'system.system_property' ...
[2013-03-22 11:08:47 CST][verbose][diag]Handling n:1 references of entity 'system.system_property' (1) ...
[2013-03-22 11:08:47 CST][verbose][diag]Handling keys of entity 'system.system_property' ...
[2013-03-22 11:08:47 CST][verbose][diag]Handling features of entity 'system.system_property' (2) ...
[2013-03-22 11:08:47 CST][verbose][diag]Handling n:1 references of entity 'system.system_property' (3) ...
[2013-03-22 11:08:47 CST][verbose][diag]Performing final check of entity 'system.system_property' ...
[2013-03-22 11:08:47 CST][info][core]Entity 'system.system_property' is ready!
[2013-03-22 11:08:47 CST][info][core]Schema 'weibotui' is ready!
[2013-03-22 11:08:47 CST][info][core]Writing database config ...
[2013-03-22 11:08:47 CST][info][core]Writing database create script ...
[2013-03-22 11:08:47 CST][info][core]Writing truncate tables script ...
[2013-03-22 11:08:47 CST][info][core]Writing db rebuild script ...
[2013-03-22 11:08:47 CST][info][core]Writing table create scripts ...
[2013-03-22 11:08:56 CST][info][core]Writing data action scripts ...
[2013-03-22 11:08:56 CST][info][core]Writing db auth config ...
[2013-03-22 11:08:58 CST][info][core]Writing data action scripts ...
[2013-03-22 11:08:58 CST][info][core]Processing /mnt/hgfs/Kingcores-WBT/src/app/schema/create_weibotui.sql ...
[2013-03-22 11:08:58 CST][info][core]EXECUTED: /mnt/hgfs/Kingcores-WBT/src/app/schema/create_weibotui.sql
[2013-03-22 11:08:58 CST][info][core]Processing /mnt/hgfs/Kingcores-WBT/src/app/schema/weibotui/oauth_token.sql ...
[2013-03-22 11:08:58 CST][info][core]EXECUTED: /mnt/hgfs/Kingcores-WBT/src/app/schema/weibotui/oauth_token.sql
[2013-03-22 11:08:58 CST][info][core]Processing /mnt/hgfs/Kingcores-WBT/src/app/schema/weibotui/oauth_client.sql ...
[2013-03-22 11:08:58 CST][info][core]EXECUTED: /mnt/hgfs/Kingcores-WBT/src/app/schema/weibotui/oauth_client.sql
[2013-03-22 11:08:58 CST][info][core]Processing /mnt/hgfs/Kingcores-WBT/src/app/schema/weibotui/user.sql ...
[2013-03-22 11:08:58 CST][info][core]EXECUTED: /mnt/hgfs/Kingcores-WBT/src/app/schema/weibotui/user.sql
[2013-03-22 11:08:58 CST][info][core]Processing /mnt/hgfs/Kingcores-WBT/src/app/schema/weibotui/country.sql ...
[2013-03-22 11:08:58 CST][info][core]EXECUTED: /mnt/hgfs/Kingcores-WBT/src/app/schema/weibotui/country.sql
[2013-03-22 11:08:58 CST][info][core]Processing /mnt/hgfs/Kingcores-WBT/src/app/schema/weibotui/province.sql ...
[2013-03-22 11:08:58 CST][info][core]EXECUTED: /mnt/hgfs/Kingcores-WBT/src/app/schema/weibotui/province.sql
[2013-03-22 11:08:58 CST][info][core]Processing /mnt/hgfs/Kingcores-WBT/src/app/schema/weibotui/city.sql ...
[2013-03-22 11:08:58 CST][info][core]EXECUTED: /mnt/hgfs/Kingcores-WBT/src/app/schema/weibotui/city.sql
[2013-03-22 11:08:58 CST][info][core]Processing /mnt/hgfs/Kingcores-WBT/src/app/schema/weibotui/district.sql ...
[2013-03-22 11:08:58 CST][info][core]EXECUTED: /mnt/hgfs/Kingcores-WBT/src/app/schema/weibotui/district.sql
[2013-03-22 11:08:58 CST][info][core]Processing /mnt/hgfs/Kingcores-WBT/src/app/schema/weibotui/address.sql ...
[2013-03-22 11:08:58 CST][info][core]EXECUTED: /mnt/hgfs/Kingcores-WBT/src/app/schema/weibotui/address.sql
[2013-03-22 11:08:58 CST][info][core]Processing /mnt/hgfs/Kingcores-WBT/src/app/schema/weibotui/personal_profile.sql ...
[2013-03-22 11:08:58 CST][info][core]EXECUTED: /mnt/hgfs/Kingcores-WBT/src/app/schema/weibotui/personal_profile.sql
[2013-03-22 11:08:58 CST][info][core]Processing /mnt/hgfs/Kingcores-WBT/src/app/schema/weibotui/oauth_code.sql ...
[2013-03-22 11:08:58 CST][info][core]EXECUTED: /mnt/hgfs/Kingcores-WBT/src/app/schema/weibotui/oauth_code.sql
[2013-03-22 11:08:58 CST][info][core]Processing /mnt/hgfs/Kingcores-WBT/src/app/schema/weibotui/admin.sql ...
[2013-03-22 11:08:58 CST][info][core]EXECUTED: /mnt/hgfs/Kingcores-WBT/src/app/schema/weibotui/admin.sql
[2013-03-22 11:08:58 CST][info][core]Processing /mnt/hgfs/Kingcores-WBT/src/app/schema/weibotui/tuike.sql ...
[2013-03-22 11:08:58 CST][info][core]EXECUTED: /mnt/hgfs/Kingcores-WBT/src/app/schema/weibotui/tuike.sql
[2013-03-22 11:08:58 CST][info][core]Processing /mnt/hgfs/Kingcores-WBT/src/app/schema/weibotui/user_with_role.sql ...
[2013-03-22 11:08:58 CST][info][core]EXECUTED: /mnt/hgfs/Kingcores-WBT/src/app/schema/weibotui/user_with_role.sql
[2013-03-22 11:08:58 CST][info][core]Processing /mnt/hgfs/Kingcores-WBT/src/app/schema/weibotui/admin_with_role.sql ...
[2013-03-22 11:08:58 CST][info][core]EXECUTED: /mnt/hgfs/Kingcores-WBT/src/app/schema/weibotui/admin_with_role.sql
[2013-03-22 11:08:58 CST][info][core]Processing /mnt/hgfs/Kingcores-WBT/src/app/schema/weibotui/admin_role.sql ...
[2013-03-22 11:08:58 CST][info][core]EXECUTED: /mnt/hgfs/Kingcores-WBT/src/app/schema/weibotui/admin_role.sql
[2013-03-22 11:08:58 CST][info][core]Processing /mnt/hgfs/Kingcores-WBT/src/app/schema/weibotui/user_login_record.sql ...
[2013-03-22 11:08:58 CST][info][core]EXECUTED: /mnt/hgfs/Kingcores-WBT/src/app/schema/weibotui/user_login_record.sql
[2013-03-22 11:08:58 CST][info][core]Processing /mnt/hgfs/Kingcores-WBT/src/app/schema/weibotui/admin_login_record.sql ...
[2013-03-22 11:08:58 CST][info][core]EXECUTED: /mnt/hgfs/Kingcores-WBT/src/app/schema/weibotui/admin_login_record.sql
[2013-03-22 11:08:58 CST][info][core]Processing /mnt/hgfs/Kingcores-WBT/src/app/schema/weibotui/weibo.sql ...
[2013-03-22 11:08:58 CST][info][core]EXECUTED: /mnt/hgfs/Kingcores-WBT/src/app/schema/weibotui/weibo.sql
[2013-03-22 11:08:58 CST][info][core]Processing /mnt/hgfs/Kingcores-WBT/src/app/schema/weibotui/weibo_token.sql ...
[2013-03-22 11:08:58 CST][info][core]EXECUTED: /mnt/hgfs/Kingcores-WBT/src/app/schema/weibotui/weibo_token.sql
[2013-03-22 11:08:58 CST][info][core]Processing /mnt/hgfs/Kingcores-WBT/src/app/schema/weibotui/weibo_topic.sql ...
[2013-03-22 11:08:58 CST][info][core]EXECUTED: /mnt/hgfs/Kingcores-WBT/src/app/schema/weibotui/weibo_topic.sql
[2013-03-22 11:08:58 CST][info][core]Processing /mnt/hgfs/Kingcores-WBT/src/app/schema/weibotui/topic_category.sql ...
[2013-03-22 11:08:58 CST][info][core]EXECUTED: /mnt/hgfs/Kingcores-WBT/src/app/schema/weibotui/topic_category.sql
[2013-03-22 11:08:58 CST][info][core]Processing /mnt/hgfs/Kingcores-WBT/src/app/schema/weibotui/weibo_login_record.sql ...
[2013-03-22 11:08:58 CST][info][core]EXECUTED: /mnt/hgfs/Kingcores-WBT/src/app/schema/weibotui/weibo_login_record.sql
[2013-03-22 11:08:58 CST][info][core]Processing /mnt/hgfs/Kingcores-WBT/src/app/schema/weibotui/corporate.sql ...
[2013-03-22 11:08:58 CST][info][core]EXECUTED: /mnt/hgfs/Kingcores-WBT/src/app/schema/weibotui/corporate.sql
[2013-03-22 11:08:58 CST][info][core]Processing /mnt/hgfs/Kingcores-WBT/src/app/schema/weibotui/staff_in_corporate.sql ...
[2013-03-22 11:08:58 CST][info][core]EXECUTED: /mnt/hgfs/Kingcores-WBT/src/app/schema/weibotui/staff_in_corporate.sql
[2013-03-22 11:08:58 CST][info][core]Processing /mnt/hgfs/Kingcores-WBT/src/app/schema/weibotui/user_asset.sql ...
[2013-03-22 11:08:58 CST][info][core]EXECUTED: /mnt/hgfs/Kingcores-WBT/src/app/schema/weibotui/user_asset.sql
[2013-03-22 11:08:58 CST][info][core]Processing /mnt/hgfs/Kingcores-WBT/src/app/schema/weibotui/user_deposit_record.sql ...
[2013-03-22 11:08:59 CST][info][core]EXECUTED: /mnt/hgfs/Kingcores-WBT/src/app/schema/weibotui/user_deposit_record.sql
[2013-03-22 11:08:59 CST][info][core]Processing /mnt/hgfs/Kingcores-WBT/src/app/schema/weibotui/income.sql ...
[2013-03-22 11:08:59 CST][info][core]EXECUTED: /mnt/hgfs/Kingcores-WBT/src/app/schema/weibotui/income.sql
[2013-03-22 11:08:59 CST][info][core]Processing /mnt/hgfs/Kingcores-WBT/src/app/schema/weibotui/invoice.sql ...
[2013-03-22 11:08:59 CST][info][core]EXECUTED: /mnt/hgfs/Kingcores-WBT/src/app/schema/weibotui/invoice.sql
[2013-03-22 11:08:59 CST][info][core]Processing /mnt/hgfs/Kingcores-WBT/src/app/schema/weibotui/user_income_record.sql ...
[2013-03-22 11:08:59 CST][info][core]EXECUTED: /mnt/hgfs/Kingcores-WBT/src/app/schema/weibotui/user_income_record.sql
[2013-03-22 11:08:59 CST][info][core]Processing /mnt/hgfs/Kingcores-WBT/src/app/schema/weibotui/service_income_record.sql ...
[2013-03-22 11:08:59 CST][info][core]EXECUTED: /mnt/hgfs/Kingcores-WBT/src/app/schema/weibotui/service_income_record.sql
[2013-03-22 11:08:59 CST][info][core]Processing /mnt/hgfs/Kingcores-WBT/src/app/schema/weibotui/user_expense_record.sql ...
[2013-03-22 11:08:59 CST][info][core]EXECUTED: /mnt/hgfs/Kingcores-WBT/src/app/schema/weibotui/user_expense_record.sql
[2013-03-22 11:08:59 CST][info][core]Processing /mnt/hgfs/Kingcores-WBT/src/app/schema/weibotui/payout.sql ...
[2013-03-22 11:08:59 CST][info][core]EXECUTED: /mnt/hgfs/Kingcores-WBT/src/app/schema/weibotui/payout.sql
[2013-03-22 11:08:59 CST][info][core]Processing /mnt/hgfs/Kingcores-WBT/src/app/schema/weibotui/weibo_order.sql ...
[2013-03-22 11:08:59 CST][info][core]EXECUTED: /mnt/hgfs/Kingcores-WBT/src/app/schema/weibotui/weibo_order.sql
[2013-03-22 11:08:59 CST][info][core]Processing /mnt/hgfs/Kingcores-WBT/src/app/schema/weibotui/weibo_campaign.sql ...
[2013-03-22 11:08:59 CST][info][core]EXECUTED: /mnt/hgfs/Kingcores-WBT/src/app/schema/weibotui/weibo_campaign.sql
[2013-03-22 11:08:59 CST][info][core]Processing /mnt/hgfs/Kingcores-WBT/src/app/schema/weibotui/weibo_inventory.sql ...
[2013-03-22 11:08:59 CST][info][core]EXECUTED: /mnt/hgfs/Kingcores-WBT/src/app/schema/weibotui/weibo_inventory.sql
[2013-03-22 11:08:59 CST][info][core]Processing /mnt/hgfs/Kingcores-WBT/src/app/schema/weibotui/sina_dingshi_weibo.sql ...
[2013-03-22 11:08:59 CST][info][core]EXECUTED: /mnt/hgfs/Kingcores-WBT/src/app/schema/weibotui/sina_dingshi_weibo.sql
[2013-03-22 11:08:59 CST][info][core]Processing /mnt/hgfs/Kingcores-WBT/src/app/schema/weibotui/qq_dingshi_weibo.sql ...
[2013-03-22 11:08:59 CST][info][core]EXECUTED: /mnt/hgfs/Kingcores-WBT/src/app/schema/weibotui/qq_dingshi_weibo.sql
[2013-03-22 11:08:59 CST][info][core]Processing /mnt/hgfs/Kingcores-WBT/src/app/schema/weibotui/task_queue.sql ...
[2013-03-22 11:08:59 CST][info][core]EXECUTED: /mnt/hgfs/Kingcores-WBT/src/app/schema/weibotui/task_queue.sql
[2013-03-22 11:08:59 CST][info][core]Processing /mnt/hgfs/Kingcores-WBT/src/app/schema/weibotui/system_property.sql ...
[2013-03-22 11:08:59 CST][info][core]EXECUTED: /mnt/hgfs/Kingcores-WBT/src/app/schema/weibotui/system_property.sql
[2013-03-22 11:08:59 CST][info][core]Processing /mnt/hgfs/Kingcores-WBT/src/app/schema/weibotui/oauth_token_relations.sql ...
[2013-03-22 11:08:59 CST][info][core]EXECUTED: /mnt/hgfs/Kingcores-WBT/src/app/schema/weibotui/oauth_token_relations.sql
[2013-03-22 11:08:59 CST][info][core]Processing /mnt/hgfs/Kingcores-WBT/src/app/schema/weibotui/user_relations.sql ...
[2013-03-22 11:08:59 CST][info][core]EXECUTED: /mnt/hgfs/Kingcores-WBT/src/app/schema/weibotui/user_relations.sql
[2013-03-22 11:08:59 CST][info][core]Processing /mnt/hgfs/Kingcores-WBT/src/app/schema/weibotui/country_relations.sql ...
[2013-03-22 11:08:59 CST][info][core]EXECUTED: /mnt/hgfs/Kingcores-WBT/src/app/schema/weibotui/country_relations.sql
[2013-03-22 11:08:59 CST][info][core]Processing /mnt/hgfs/Kingcores-WBT/src/app/schema/weibotui/province_relations.sql ...
[2013-03-22 11:08:59 CST][info][core]EXECUTED: /mnt/hgfs/Kingcores-WBT/src/app/schema/weibotui/province_relations.sql
[2013-03-22 11:08:59 CST][info][core]Processing /mnt/hgfs/Kingcores-WBT/src/app/schema/weibotui/city_relations.sql ...
[2013-03-22 11:08:59 CST][info][core]EXECUTED: /mnt/hgfs/Kingcores-WBT/src/app/schema/weibotui/city_relations.sql
[2013-03-22 11:08:59 CST][info][core]Processing /mnt/hgfs/Kingcores-WBT/src/app/schema/weibotui/district_relations.sql ...
[2013-03-22 11:08:59 CST][info][core]EXECUTED: /mnt/hgfs/Kingcores-WBT/src/app/schema/weibotui/district_relations.sql
[2013-03-22 11:08:59 CST][info][core]Processing /mnt/hgfs/Kingcores-WBT/src/app/schema/weibotui/address_relations.sql ...
[2013-03-22 11:08:59 CST][info][core]EXECUTED: /mnt/hgfs/Kingcores-WBT/src/app/schema/weibotui/address_relations.sql
[2013-03-22 11:08:59 CST][info][core]Processing /mnt/hgfs/Kingcores-WBT/src/app/schema/weibotui/personal_profile_relations.sql ...
[2013-03-22 11:08:59 CST][info][core]EXECUTED: /mnt/hgfs/Kingcores-WBT/src/app/schema/weibotui/personal_profile_relations.sql
[2013-03-22 11:08:59 CST][info][core]Processing /mnt/hgfs/Kingcores-WBT/src/app/schema/weibotui/oauth_code_relations.sql ...
[2013-03-22 11:08:59 CST][info][core]EXECUTED: /mnt/hgfs/Kingcores-WBT/src/app/schema/weibotui/oauth_code_relations.sql
[2013-03-22 11:08:59 CST][info][core]Processing /mnt/hgfs/Kingcores-WBT/src/app/schema/weibotui/tuike_relations.sql ...
[2013-03-22 11:08:59 CST][info][core]EXECUTED: /mnt/hgfs/Kingcores-WBT/src/app/schema/weibotui/tuike_relations.sql
[2013-03-22 11:08:59 CST][info][core]Processing /mnt/hgfs/Kingcores-WBT/src/app/schema/weibotui/user_with_role_relations.sql ...
[2013-03-22 11:08:59 CST][info][core]EXECUTED: /mnt/hgfs/Kingcores-WBT/src/app/schema/weibotui/user_with_role_relations.sql
[2013-03-22 11:08:59 CST][info][core]Processing /mnt/hgfs/Kingcores-WBT/src/app/schema/weibotui/admin_with_role_relations.sql ...
[2013-03-22 11:09:00 CST][info][core]EXECUTED: /mnt/hgfs/Kingcores-WBT/src/app/schema/weibotui/admin_with_role_relations.sql
[2013-03-22 11:09:00 CST][info][core]Processing /mnt/hgfs/Kingcores-WBT/src/app/schema/weibotui/user_login_record_relations.sql ...
[2013-03-22 11:09:00 CST][info][core]EXECUTED: /mnt/hgfs/Kingcores-WBT/src/app/schema/weibotui/user_login_record_relations.sql
[2013-03-22 11:09:00 CST][info][core]Processing /mnt/hgfs/Kingcores-WBT/src/app/schema/weibotui/admin_login_record_relations.sql ...
[2013-03-22 11:09:00 CST][info][core]EXECUTED: /mnt/hgfs/Kingcores-WBT/src/app/schema/weibotui/admin_login_record_relations.sql
[2013-03-22 11:09:00 CST][info][core]Processing /mnt/hgfs/Kingcores-WBT/src/app/schema/weibotui/weibo_relations.sql ...
[2013-03-22 11:09:00 CST][info][core]EXECUTED: /mnt/hgfs/Kingcores-WBT/src/app/schema/weibotui/weibo_relations.sql
[2013-03-22 11:09:00 CST][info][core]Processing /mnt/hgfs/Kingcores-WBT/src/app/schema/weibotui/weibo_token_relations.sql ...
[2013-03-22 11:09:00 CST][info][core]EXECUTED: /mnt/hgfs/Kingcores-WBT/src/app/schema/weibotui/weibo_token_relations.sql
[2013-03-22 11:09:00 CST][info][core]Processing /mnt/hgfs/Kingcores-WBT/src/app/schema/weibotui/weibo_topic_relations.sql ...
[2013-03-22 11:09:00 CST][info][core]EXECUTED: /mnt/hgfs/Kingcores-WBT/src/app/schema/weibotui/weibo_topic_relations.sql
[2013-03-22 11:09:00 CST][info][core]Processing /mnt/hgfs/Kingcores-WBT/src/app/schema/weibotui/weibo_login_record_relations.sql ...
[2013-03-22 11:09:00 CST][info][core]EXECUTED: /mnt/hgfs/Kingcores-WBT/src/app/schema/weibotui/weibo_login_record_relations.sql
[2013-03-22 11:09:00 CST][info][core]Processing /mnt/hgfs/Kingcores-WBT/src/app/schema/weibotui/corporate_relations.sql ...
[2013-03-22 11:09:00 CST][info][core]EXECUTED: /mnt/hgfs/Kingcores-WBT/src/app/schema/weibotui/corporate_relations.sql
[2013-03-22 11:09:00 CST][info][core]Processing /mnt/hgfs/Kingcores-WBT/src/app/schema/weibotui/staff_in_corporate_relations.sql ...
[2013-03-22 11:09:00 CST][info][core]EXECUTED: /mnt/hgfs/Kingcores-WBT/src/app/schema/weibotui/staff_in_corporate_relations.sql
[2013-03-22 11:09:00 CST][info][core]Processing /mnt/hgfs/Kingcores-WBT/src/app/schema/weibotui/user_asset_relations.sql ...
[2013-03-22 11:09:00 CST][info][core]EXECUTED: /mnt/hgfs/Kingcores-WBT/src/app/schema/weibotui/user_asset_relations.sql
[2013-03-22 11:09:00 CST][info][core]Processing /mnt/hgfs/Kingcores-WBT/src/app/schema/weibotui/user_deposit_record_relations.sql ...
[2013-03-22 11:09:00 CST][info][core]EXECUTED: /mnt/hgfs/Kingcores-WBT/src/app/schema/weibotui/user_deposit_record_relations.sql
[2013-03-22 11:09:00 CST][info][core]Processing /mnt/hgfs/Kingcores-WBT/src/app/schema/weibotui/user_income_record_relations.sql ...
[2013-03-22 11:09:00 CST][info][core]EXECUTED: /mnt/hgfs/Kingcores-WBT/src/app/schema/weibotui/user_income_record_relations.sql
[2013-03-22 11:09:00 CST][info][core]Processing /mnt/hgfs/Kingcores-WBT/src/app/schema/weibotui/service_income_record_relations.sql ...
[2013-03-22 11:09:00 CST][info][core]EXECUTED: /mnt/hgfs/Kingcores-WBT/src/app/schema/weibotui/service_income_record_relations.sql
[2013-03-22 11:09:00 CST][info][core]Processing /mnt/hgfs/Kingcores-WBT/src/app/schema/weibotui/user_expense_record_relations.sql ...
[2013-03-22 11:09:00 CST][info][core]EXECUTED: /mnt/hgfs/Kingcores-WBT/src/app/schema/weibotui/user_expense_record_relations.sql
[2013-03-22 11:09:00 CST][info][core]Processing /mnt/hgfs/Kingcores-WBT/src/app/schema/weibotui/weibo_order_relations.sql ...
[2013-03-22 11:09:00 CST][info][core]EXECUTED: /mnt/hgfs/Kingcores-WBT/src/app/schema/weibotui/weibo_order_relations.sql
[2013-03-22 11:09:00 CST][info][core]Processing /mnt/hgfs/Kingcores-WBT/src/app/schema/weibotui/weibo_campaign_relations.sql ...
[2013-03-22 11:09:00 CST][info][core]EXECUTED: /mnt/hgfs/Kingcores-WBT/src/app/schema/weibotui/weibo_campaign_relations.sql
[2013-03-22 11:09:00 CST][info][core]Processing /mnt/hgfs/Kingcores-WBT/src/app/schema/weibotui/weibo_inventory_relations.sql ...
[2013-03-22 11:09:00 CST][info][core]EXECUTED: /mnt/hgfs/Kingcores-WBT/src/app/schema/weibotui/weibo_inventory_relations.sql
[2013-03-22 11:09:01 CST][info][core]Writing data action scripts ...
[2013-03-22 11:09:01 CST][info][core]Processing /mnt/hgfs/Kingcores-WBT/src/app/data/weibotui/sdk.yml ...
[2013-03-22 11:09:01 CST][info][core]Imported data into 'oauth_client'.
[2013-03-22 11:09:01 CST][info][core]EXECUTED: /mnt/hgfs/Kingcores-WBT/src/app/data/weibotui/sdk.yml
[2013-03-22 11:09:01 CST][info][core]Processing /mnt/hgfs/Kingcores-WBT/src/app/data/weibotui/roles.yml ...
[2013-03-22 11:09:01 CST][info][core]Imported data into 'admin_role'.
[2013-03-22 11:09:01 CST][info][core]EXECUTED: /mnt/hgfs/Kingcores-WBT/src/app/data/weibotui/roles.yml
[2013-03-22 11:09:01 CST][info][core]Processing /mnt/hgfs/Kingcores-WBT/src/app/data/weibotui/admins.yml ...
[2013-03-22 11:09:01 CST][info][core]Imported data into 'admin'.
[2013-03-22 11:09:01 CST][info][core]Imported data into 'admin_with_role'.
[2013-03-22 11:09:01 CST][info][core]EXECUTED: /mnt/hgfs/Kingcores-WBT/src/app/data/weibotui/admins.yml
[2013-03-22 11:09:01 CST][info][core]Processing /mnt/hgfs/Kingcores-WBT/src/app/data/weibotui/country.sql ...
[2013-03-22 11:09:01 CST][info][core]EXECUTED: /mnt/hgfs/Kingcores-WBT/src/app/data/weibotui/country.sql
[2013-03-22 11:09:01 CST][info][core]Processing /mnt/hgfs/Kingcores-WBT/src/app/data/weibotui/province.sql ...
[2013-03-22 11:09:01 CST][info][core]EXECUTED: /mnt/hgfs/Kingcores-WBT/src/app/data/weibotui/province.sql
[2013-03-22 11:09:01 CST][info][core]Processing /mnt/hgfs/Kingcores-WBT/src/app/data/weibotui/city.sql ...
[2013-03-22 11:09:01 CST][info][core]EXECUTED: /mnt/hgfs/Kingcores-WBT/src/app/data/weibotui/city.sql
[2013-03-22 11:09:01 CST][info][core]Processing /mnt/hgfs/Kingcores-WBT/src/app/data/weibotui/capital_city.sql ...
[2013-03-22 11:09:01 CST][info][core]EXECUTED: /mnt/hgfs/Kingcores-WBT/src/app/data/weibotui/capital_city.sql
[2013-03-22 11:09:01 CST][info][core]Processing /mnt/hgfs/Kingcores-WBT/src/app/data/weibotui/district.sql ...
[2013-03-22 11:09:01 CST][info][core]EXECUTED: /mnt/hgfs/Kingcores-WBT/src/app/data/weibotui/district.sql
[2013-03-22 11:09:01 CST][info][core]Processing /mnt/hgfs/Kingcores-WBT/src/app/data/weibotui/topic_categories.yml ...
[2013-03-22 11:09:01 CST][info][core]Imported data into 'topic_category'.
[2013-03-22 11:09:01 CST][info][core]EXECUTED: /mnt/hgfs/Kingcores-WBT/src/app/data/weibotui/topic_categories.yml
[2013-03-22 11:09:01 CST][info][core]Processing /mnt/hgfs/Kingcores-WBT/src/app/data/weibotui/users.yml ...
[2013-03-22 11:09:01 CST][info][core]Imported data into 'user'.
[2013-03-22 11:09:01 CST][info][core]Imported data into 'personal_profile'.
[2013-03-22 11:09:01 CST][info][core]Imported data into 'user'.
[2013-03-22 11:09:01 CST][info][core]Imported data into 'user_with_role'.
[2013-03-22 11:09:01 CST][info][core]EXECUTED: /mnt/hgfs/Kingcores-WBT/src/app/data/weibotui/users.yml
[2013-03-22 11:09:01 CST][info][core]Processing /mnt/hgfs/Kingcores-WBT/src/app/data/weibotui/weibos.yml ...
[2013-03-22 11:09:01 CST][info][core]Imported data into 'weibo'.
[2013-03-22 11:09:01 CST][info][core]Imported data into 'weibo_token'.
[2013-03-22 11:09:01 CST][info][core]EXECUTED: /mnt/hgfs/Kingcores-WBT/src/app/data/weibotui/weibos.yml
[2013-03-22 11:09:01 CST][info][core]Writing data action scripts ...
[2013-03-22 11:09:01 CST][info][core]Processing /mnt/hgfs/Kingcores-WBT/src/app/data/weibotui/test-clear.sql ...
[2013-03-22 11:09:01 CST][info][core]EXECUTED: /mnt/hgfs/Kingcores-WBT/src/app/data/weibotui/test-clear.sql
[2013-03-22 11:09:01 CST][info][core]Processing /mnt/hgfs/Kingcores-WBT/src/app/data/weibotui/test-user.yml ...
[2013-03-22 11:09:01 CST][info][core]Imported data into 'user'.
[2013-03-22 11:09:01 CST][info][core]EXECUTED: /mnt/hgfs/Kingcores-WBT/src/app/data/weibotui/test-user.yml
[2013-03-22 11:09:01 CST][info][core]Processing /mnt/hgfs/Kingcores-WBT/src/app/data/weibotui/test-campaign.yml ...
[2013-03-22 11:09:02 CST][info][core]Imported data into 'weibo_campaign'.
[2013-03-22 11:09:02 CST][info][core]EXECUTED: /mnt/hgfs/Kingcores-WBT/src/app/data/weibotui/test-campaign.yml
[2013-03-22 11:09:02 CST][info][core]Processing /mnt/hgfs/Kingcores-WBT/src/app/data/weibotui/test-inventory.yml ...
[2013-03-22 11:09:02 CST][info][core]Imported data into 'weibo_inventory'.
[2013-03-22 11:09:02 CST][info][core]EXECUTED: /mnt/hgfs/Kingcores-WBT/src/app/data/weibotui/test-inventory.yml
