#Data files list
#This file is automatically generated and should not be edited!

#Files below will be executed one by one to rebuild the target database.
#Path is relative to the folder of this list file.

#Begin of list

#Drop tables
create_weibotui.sql

#Create tables
weibotui/oauth_token.sql
weibotui/oauth_client.sql
weibotui/user.sql
weibotui/country.sql
weibotui/province.sql
weibotui/city.sql
weibotui/district.sql
weibotui/address.sql
weibotui/personal_profile.sql
weibotui/oauth_code.sql
weibotui/admin.sql
weibotui/tuike.sql
weibotui/user_with_role.sql
weibotui/admin_with_role.sql
weibotui/admin_role.sql
weibotui/user_login_record.sql
weibotui/admin_login_record.sql
weibotui/weibo.sql
weibotui/weibo_token.sql
weibotui/weibo_topic.sql
weibotui/topic_category.sql
weibotui/weibo_login_record.sql
weibotui/corporate.sql
weibotui/staff_in_corporate.sql
weibotui/user_asset.sql
weibotui/user_deposit_record.sql
weibotui/income.sql
weibotui/invoice.sql
weibotui/user_income_record.sql
weibotui/service_income_record.sql
weibotui/user_expense_record.sql
weibotui/payout.sql
weibotui/weibo_order.sql
weibotui/weibo_campaign.sql
weibotui/weibo_inventory.sql
weibotui/sina_dingshi_weibo.sql
weibotui/qq_dingshi_weibo.sql
weibotui/task_queue.sql
weibotui/system_property.sql

#Add relationships

weibotui/oauth_token_relations.sql
weibotui/user_relations.sql
weibotui/country_relations.sql
weibotui/province_relations.sql
weibotui/city_relations.sql
weibotui/district_relations.sql
weibotui/address_relations.sql
weibotui/personal_profile_relations.sql
weibotui/oauth_code_relations.sql
weibotui/tuike_relations.sql
weibotui/user_with_role_relations.sql
weibotui/admin_with_role_relations.sql
weibotui/user_login_record_relations.sql
weibotui/admin_login_record_relations.sql
weibotui/weibo_relations.sql
weibotui/weibo_token_relations.sql
weibotui/weibo_topic_relations.sql
weibotui/weibo_login_record_relations.sql
weibotui/corporate_relations.sql
weibotui/staff_in_corporate_relations.sql
weibotui/user_asset_relations.sql
weibotui/user_deposit_record_relations.sql
weibotui/user_income_record_relations.sql
weibotui/service_income_record_relations.sql
weibotui/user_expense_record_relations.sql
weibotui/weibo_order_relations.sql
weibotui/weibo_campaign_relations.sql
weibotui/weibo_inventory_relations.sql

#End of list